#
# A fatal error has been detected by the Java Runtime Environment:
#
#  SIGSEGV (0xb) at pc=0x000000010aa35a0d, pid=13692, tid=13571
#
# JRE version: OpenJDK Runtime Environment Corretto-11.0.14.9.1 (11.0.14+9) (build 11.0.14+9-LTS)
# Java VM: OpenJDK 64-Bit Server VM Corretto-11.0.14.9.1 (11.0.14+9-LTS, mixed mode, tiered, compressed oops, g1 gc, bsd-amd64)
# Problematic frame:
# V  [libjvm.dylib+0x70aa0d]  _ZN17SignatureIterator6expectEc+0x11
#
# No core dump will be written. Core dumps have been disabled. To enable core dumping, try "ulimit -c unlimited" before starting Java again
#
# If you would like to submit a bug report, please visit:
#   https://github.com/corretto/corretto-11/issues/
#

---------------  S U M M A R Y ------------

Command Line: -agentlib:jdwp=transport=dt_socket,suspend=y,address=localhost:57902 -javaagent:/Users/yasiruslu/eclipse/java-2021-12/Eclipse.app/Contents/Eclipse/configuration/org.eclipse.osgi/215/0/.cp/lib/javaagent-shaded.jar -Dfile.encoding=UTF-8 Class1

Host: MacBookAir10,1 x86_64 2400 MHz, 8 cores, 16G, Darwin 21.3.0
Time: Thu Mar  3 00:25:29 2022 +03 elapsed time: 349.300312 seconds (0d 0h 5m 49s)

---------------  T H R E A D  ---------------

Current thread (0x00007fb44786d800):  VMThread "VM Thread" [stack: 0x00000003067f2000,0x00000003068f2000] [id=13571]

Stack: [0x00000003067f2000,0x00000003068f2000],  sp=0x00000003068f11b0,  free space=1020k
Native frames: (J=compiled Java code, A=aot compiled Java code, j=interpreted, Vv=VM code, C=native code)
V  [libjvm.dylib+0x70aa0d]  _ZN17SignatureIterator6expectEc+0x11
V  [libjvm.dylib+0x70af0b]  _ZN17SignatureIterator18iterate_returntypeEv+0x1f
V  [libjvm.dylib+0x36f24b]  _ZN14GenerateOopMap9do_methodEiiii+0x77
V  [libjvm.dylib+0x36d731]  _ZN14GenerateOopMap9interp_bbEP10BasicBlock+0xdb
V  [libjvm.dylib+0x36d420]  _ZN14GenerateOopMap10interp_allEv+0x3c
V  [libjvm.dylib+0x36d0c7]  _ZN14GenerateOopMap17do_interpretationEv+0x45
V  [libjvm.dylib+0x36fa1f]  _ZN14GenerateOopMap11compute_mapEP6Thread+0x165
V  [libjvm.dylib+0x624851]  _ZN19OopMapForCacheEntry11compute_mapEP6Thread+0x5d
V  [libjvm.dylib+0x625006]  _ZN16OopMapCacheEntry4fillERK12methodHandlei+0xac
V  [libjvm.dylib+0x625902]  _ZN11OopMapCache19compute_one_oop_mapERK12methodHandleiP17InterpreterOopMap+0x56
V  [libjvm.dylib+0x5e7978]  _ZN6Method8mask_forEiP17InterpreterOopMap+0x7e
V  [libjvm.dylib+0x4e2c7e]  _ZN16VM_GetOrSetLocal4doitEv+0x4a
V  [libjvm.dylib+0x7cdab2]  _ZN12VM_Operation8evaluateEv+0xe0
V  [libjvm.dylib+0x7d5e90]  _ZN8VMThread18evaluate_operationEP12VM_Operation+0x146
V  [libjvm.dylib+0x7d5a71]  _ZN8VMThread4loopEv+0x305
V  [libjvm.dylib+0x7d567f]  _ZN8VMThread3runEv+0x6f
V  [libjvm.dylib+0x783d62]  _ZN6Thread8call_runEv+0x68
V  [libjvm.dylib+0x62e109]  _ZL19thread_native_entryP6Thread+0x12d
C  [libsystem_pthread.dylib+0x64f4]  _pthread_start+0x7d
C  [libsystem_pthread.dylib+0x200f]  thread_start+0xf


siginfo: si_signo: 11 (SIGSEGV), si_code: 1 (SEGV_MAPERR), si_addr: 0x0000000000000006

Register to memory mapping:

RAX=0x0 is NULL
RBX=0x00000003068f1200 points into unknown readable memory: 0x000000010ac97450 | 50 74 c9 0a 01 00 00 00
RCX=0x0 is NULL
RDX=0x0 is NULL
RSP=0x00000003068f11b0 points into unknown readable memory: 0x000000010ac97450 | 50 74 c9 0a 01 00 00 00
RBP=0x00000003068f11c0 points into unknown readable memory: 0x00000003068f11f0 | f0 11 8f 06 03 00 00 00
RSI=0x0000000000000028 is an unknown value
RDI=0x00000003068f1200 points into unknown readable memory: 0x000000010ac97450 | 50 74 c9 0a 01 00 00 00
R8 =0x000000000000020b is an unknown value
R9 =0x0 is NULL
R10=0x0 is NULL
R11=0x0 is NULL
R12=0x00000003068f1200 points into unknown readable memory: 0x000000010ac97450 | 50 74 c9 0a 01 00 00 00
R13=0x00000003068f1840 points into unknown readable memory: 0x000000010aca44e8 | e8 44 ca 0a 01 00 00 00
R14=0x0 is NULL
R15=0x00000003068f1200 points into unknown readable memory: 0x000000010ac97450 | 50 74 c9 0a 01 00 00 00


Registers:
RAX=0x0000000000000000, RBX=0x00000003068f1200, RCX=0x0000000000000000, RDX=0x0000000000000000
RSP=0x00000003068f11b0, RBP=0x00000003068f11c0, RSI=0x0000000000000028, RDI=0x00000003068f1200
R8 =0x000000000000020b, R9 =0x0000000000000000, R10=0x0000000000000000, R11=0x0000000000000000
R12=0x00000003068f1200, R13=0x00000003068f1840, R14=0x0000000000000000, R15=0x00000003068f1200
RIP=0x000000010aa35a0d, EFLAGS=0x0000000000000206, ERR=0x0000000000000004
  TRAPNO=0x000000000000000e

Top of Stack: (sp=0x00000003068f11b0)
0x00000003068f11b0:   000000010ac97450 00000003068f1640
0x00000003068f11c0:   00000003068f11f0 000000010aa35f0b
0x00000003068f11d0:   00000003068f1640 00000003068f1200
0x00000003068f11e0:   0000000000000000 000000000000020b
0x00000003068f11f0:   00000003068f1680 000000010a69a24b
0x00000003068f1200:   000000010ac97450 0000000000000000
0x00000003068f1210:   0000000000000000 000000000000000e
0x00000003068f1220:   00000003068f1640 0000000000000000
0x00000003068f1230:   4fffffff4fffffff 4fffffff4fffffff
0x00000003068f1240:   2fffffff4fffffff 4fffffff4fffffff
0x00000003068f1250:   2fffffff4fffffff 0000000000000024
0x00000003068f1260:   0000000000000000 00000003068f1618
0x00000003068f1270:   00000003068f1280 0000000000000000
0x00000003068f1280:   000000010ab6ed4f 0000000000000008
0x00000003068f1290:   00000003068f144f 0000000000000001
0x00000003068f12a0:   000000010951d000 000060000224f000
0x00000003068f12b0:   0000003000000000 0000000000000002
0x00000003068f12c0:   0000000000000002 000000010951d000
0x00000003068f12d0:   000000010951d400 0000000000000007
0x00000003068f12e0:   00000003068f1340 00007ff810783619
0x00000003068f12f0:   0000000000000007 0000000000000007
0x00000003068f1300:   0ea7782f08770000 0000000000000030
0x00000003068f1310:   00000003068f144f 0000000000000030
0x00000003068f1320:   0000000000000030 00000003068f1400
0x00000003068f1330:   0000000000000001 00007ff852138000
0x00000003068f1340:   0000000300000000 00007ff810783546
0x00000003068f1350:   0000000000000000 00007ff81083b275
0x00000003068f1360:   00000003068f14a0 ffffffffffffffff
0x00000003068f1370:   0000000000000000 0000000000000000
0x00000003068f1380:   000000010ab5806e 0000000000000000
0x00000003068f1390:   0000000000000025 0000000100000000
0x00000003068f13a0:   00000003068f1740 00007ff81083ab63 

Instructions: (pc=0x000000010aa35a0d)
0x000000010aa3590d:   75 32 c7 04 24 00 00 00 00 48 8d 3d 13 13 28 00
0x000000010aa3591d:   48 8d 35 cc ad e2 ff ba 2a 00 00 00 31 c9 45 31
0x000000010aa3592d:   c0 45 31 c9 e8 08 61 e1 ff 48 c7 05 1f 24 2a 00
0x000000010aa3593d:   01 00 00 00 48 83 c4 10 5d c3 55 48 89 e5 48 83
0x000000010aa3594d:   ec 10 80 3d ea 07 28 00 00 75 35 c7 04 24 00 00
0x000000010aa3595d:   00 00 48 8d 3d 6a 07 28 00 48 8d 35 b3 ad e2 ff
0x000000010aa3596d:   ba 2a 00 00 00 b9 29 00 00 00 45 31 c0 45 31 c9
0x000000010aa3597d:   e8 bc 60 e1 ff 48 c7 05 b3 07 28 00 01 00 00 00
0x000000010aa3598d:   48 83 c4 10 5d c3 55 48 89 e5 48 83 ec 10 80 3d
0x000000010aa3599d:   fe 12 28 00 00 75 35 c7 04 24 00 00 00 00 48 8d
0x000000010aa359ad:   3d ee 23 2a 00 48 8d 35 97 ad e2 ff ba 2a 00 00
0x000000010aa359bd:   00 b9 23 00 00 00 45 31 c0 45 31 c9 e8 70 60 e1
0x000000010aa359cd:   ff 48 c7 05 c7 12 28 00 01 00 00 00 48 83 c4 10
0x000000010aa359dd:   5d c3 90 55 48 89 e5 48 8d 05 dd 5d 27 00 48 89
0x000000010aa359ed:   07 48 89 77 08 c7 47 14 00 00 00 00 5d c3 90 55
0x000000010aa359fd:   48 89 e5 53 50 48 89 fb 48 8b 4f 08 48 63 47 10
0x000000010aa35a0d:   40 38 74 01 06 74 2b 44 0f be c6 48 8d 35 f9 6f
0x000000010aa35a1d:   15 00 48 8d 0d 1a 70 15 00 bf 00 00 00 e0 ba 35
0x000000010aa35a2d:   00 00 00 31 c0 e8 ad 6d b7 ff e8 0a 32 f2 ff 8b
0x000000010aa35a3d:   43 10 ff c0 89 43 10 48 83 c4 08 5b 5d c3 90 55
0x000000010aa35a4d:   48 89 e5 41 56 53 48 8b 4f 08 48 63 77 10 0f be
0x000000010aa35a5d:   44 31 06 83 c0 be 83 f8 19 77 77 49 89 fe 48 8d
0x000000010aa35a6d:   5f 10 48 8d 15 e6 01 00 00 48 63 04 82 48 01 d0
0x000000010aa35a7d:   ff e0 49 8b 06 4c 89 f7 ff 50 20 41 83 7e 14 00
0x000000010aa35a8d:   0f 89 5c 01 00 00 41 c7 46 18 08 00 00 00 e9 4f
0x000000010aa35a9d:   01 00 00 49 8b 06 4c 89 f7 ff 50 08 41 83 7e 14
0x000000010aa35aad:   00 0f 89 3b 01 00 00 41 c7 46 18 05 00 00 00 e9
0x000000010aa35abd:   2e 01 00 00 49 8b 06 4c 89 f7 ff 50 18 41 83 7e
0x000000010aa35acd:   14 00 0f 89 84 00 00 00 41 c7 46 18 07 00 00 00
0x000000010aa35add:   eb 7a 48 8d 3d 32 6f 15 00 be 6d 00 00 00 e8 db
0x000000010aa35aed:   6e b7 ff e8 51 31 f2 ff b8 ff ff ff ff e9 f7 00
0x000000010aa35afd:   00 00 49 8b 06 4c 89 f7 ff 50 10 41 83 7e 14 00 


Stack slot to memory mapping:
stack at sp + 0 slots: 0x000000010ac97450: _ZTV16ComputeCallStack+0x10 in /Library/Java/JavaVirtualMachines/amazon-corretto-11.jdk/Contents/Home/lib/server/libjvm.dylib at 0x000000010a32b000
stack at sp + 1 slots: 0x00000003068f1640 points into unknown readable memory: 0x0000000100000003 | 03 00 00 00 01 00 00 00
stack at sp + 2 slots: 0x00000003068f11f0 points into unknown readable memory: 0x00000003068f1680 | 80 16 8f 06 03 00 00 00
stack at sp + 3 slots: 0x000000010aa35f0b: _ZN17SignatureIterator18iterate_returntypeEv+0x1f in /Library/Java/JavaVirtualMachines/amazon-corretto-11.jdk/Contents/Home/lib/server/libjvm.dylib at 0x000000010a32b000
stack at sp + 4 slots: 0x00000003068f1640 points into unknown readable memory: 0x0000000100000003 | 03 00 00 00 01 00 00 00
stack at sp + 5 slots: 0x00000003068f1200 points into unknown readable memory: 0x000000010ac97450 | 50 74 c9 0a 01 00 00 00
stack at sp + 6 slots: 0x0 is NULL
stack at sp + 7 slots: 0x000000000000020b is an unknown value

VM_Operation (0x000000030731ca30): GetOrSetLocal, mode: safepoint, requested by thread 0x00007fb4488f5000


---------------  P R O C E S S  ---------------

Threads class SMR info:
_java_thread_list=0x0000600002c75d00, length=12, elements={
0x00007fb448812800, 0x00007fb44800b000, 0x00007fb447875000, 0x00007fb44786b800,
0x00007fb4488f7000, 0x00007fb4488f8000, 0x00007fb4488f8800, 0x00007fb4488f9800,
0x00007fb448070800, 0x00007fb4488f5000, 0x00007fb4488f5800, 0x00007fb4468c1000
}
_to_delete_list=0x0000600002c75ca0, length=11, elements={
0x00007fb448812800, 0x00007fb44800b000, 0x00007fb447875000, 0x00007fb44786b800,
0x00007fb4488f7000, 0x00007fb4488f8000, 0x00007fb4488f8800, 0x00007fb4488f9800,
0x00007fb448070800, 0x00007fb4488f5000, 0x00007fb4488f5800
}

Java Threads: ( => current thread )
  0x00007fb448812800 JavaThread "main" [_thread_blocked, id=7683, stack(0x00000003061e0000,0x00000003062e0000)]
  0x00007fb44800b000 JavaThread "Reference Handler" daemon [_thread_blocked, id=15107, stack(0x00000003068f5000,0x00000003069f5000)]
  0x00007fb447875000 JavaThread "Finalizer" daemon [_thread_blocked, id=14339, stack(0x00000003069f8000,0x0000000306af8000)]
  0x00007fb44786b800 JavaThread "Signal Dispatcher" daemon [_thread_blocked, id=23043, stack(0x0000000306c0b000,0x0000000306d0b000)]
  0x00007fb4488f7000 JavaThread "Service Thread" daemon [_thread_blocked, id=40195, stack(0x0000000306d0e000,0x0000000306e0e000)]
  0x00007fb4488f8000 JavaThread "C2 CompilerThread0" daemon [_thread_blocked, id=23811, stack(0x0000000306e11000,0x0000000306f11000)]
  0x00007fb4488f8800 JavaThread "C1 CompilerThread0" daemon [_thread_blocked, id=24323, stack(0x0000000306f14000,0x0000000307014000)]
  0x00007fb4488f9800 JavaThread "Sweeper thread" daemon [_thread_blocked, id=39427, stack(0x0000000307017000,0x0000000307117000)]
  0x00007fb448070800 JavaThread "Common-Cleaner" daemon [_thread_blocked, id=38403, stack(0x000000030711a000,0x000000030721a000)]
  0x00007fb4488f5000 JavaThread "JDWP Transport Listener: dt_socket" daemon [_thread_blocked, id=37891, stack(0x000000030721d000,0x000000030731d000)] _threads_hazard_ptr=0x0000600002c75d00
  0x00007fb4488f5800 JavaThread "JDWP Event Helper Thread" daemon [_thread_blocked, id=37123, stack(0x0000000307320000,0x0000000307420000)]
  0x00007fb4468c1000 JavaThread "JDWP Command Reader" daemon [_thread_in_native, id=26371, stack(0x0000000307423000,0x0000000307523000)]

Other Threads:
=>0x00007fb44786d800 VMThread "VM Thread" [stack: 0x00000003067f2000,0x00000003068f2000] [id=13571]
  0x00007fb44786c800 WatcherThread [stack: 0x0000000307526000,0x0000000307626000] [id=36459]
  0x00007fb448813800 GCTaskThread "GC Thread#0" [stack: 0x00000003062e3000,0x00000003063e3000] [id=19203]
  0x00007fb4468cb800 GCTaskThread "GC Thread#1" [stack: 0x0000000307629000,0x0000000307729000] [id=35623]
  0x00007fb4468e7000 GCTaskThread "GC Thread#2" [stack: 0x000000030772c000,0x000000030782c000] [id=35075]
  0x00007fb44793e800 GCTaskThread "GC Thread#3" [stack: 0x000000030782f000,0x000000030792f000] [id=27651]
  0x00007fb447975000 GCTaskThread "GC Thread#4" [stack: 0x0000000307932000,0x0000000307a32000] [id=34307]
  0x00007fb4468e8000 GCTaskThread "GC Thread#5" [stack: 0x0000000307a35000,0x0000000307b35000] [id=28163]
  0x00007fb448852800 ConcurrentGCThread "G1 Main Marker" [stack: 0x00000003063e6000,0x00000003064e6000] [id=18691]
  0x00007fb448853800 ConcurrentGCThread "G1 Conc#0" [stack: 0x00000003064e9000,0x00000003065e9000] [id=17667]
  0x00007fb4488f4000 ConcurrentGCThread "G1 Refine#0" [stack: 0x00000003065ec000,0x00000003066ec000] [id=13059]
  0x00007fb44780a000 ConcurrentGCThread "G1 Young RemSet Sampling" [stack: 0x00000003066ef000,0x00000003067ef000] [id=17155]

Threads with active compile tasks:

VM state:at safepoint (normal execution)

VM Mutex/Monitor currently owned by a thread:  ([mutex/lock_event])
[0x000060000025a800] Threads_lock - owner thread: 0x00007fb44786d800

Heap address: 0x0000000700000000, size: 4096 MB, Compressed Oops mode: Zero based, Oop shift amount: 3
Narrow klass base: 0x0000000800000000, Narrow klass shift: 0
Compressed class space size: 1073741824 Address: 0x0000000800000000

Heap:
 garbage-first heap   total 262144K, used 123852K [0x0000000700000000, 0x0000000800000000)
  region size 1024K, 118 young (120832K), 16 survivors (16384K)
 Metaspace       used 10067K, capacity 10222K, committed 10496K, reserved 1058816K
  class space    used 872K, capacity 916K, committed 1024K, reserved 1048576K
Heap Regions: E=young(eden), S=young(survivor), O=old, HS=humongous(starts), HC=humongous(continues), CS=collection set, F=free, A=archive, TAMS=top-at-mark-start (previous, next)
|   0|0x0000000700000000, 0x0000000700100000, 0x0000000700100000|100%|HS|  |TAMS 0x0000000700000000, 0x0000000700000000| Complete 
|   1|0x0000000700100000, 0x0000000700200000, 0x0000000700200000|100%|HC|  |TAMS 0x0000000700100000, 0x0000000700100000| Complete 
|   2|0x0000000700200000, 0x0000000700300000, 0x0000000700300000|100%| O|  |TAMS 0x0000000700200000, 0x0000000700200000| Untracked 
|   3|0x0000000700300000, 0x0000000700400000, 0x0000000700400000|100%| O|  |TAMS 0x0000000700300000, 0x0000000700300000| Untracked 
|   4|0x0000000700400000, 0x000000070043e800, 0x0000000700500000| 24%| O|  |TAMS 0x0000000700400000, 0x0000000700400000| Untracked 
|   5|0x0000000700500000, 0x0000000700500000, 0x0000000700600000|  0%| F|  |TAMS 0x0000000700500000, 0x0000000700500000| Untracked 
|   6|0x0000000700600000, 0x0000000700600000, 0x0000000700700000|  0%| F|  |TAMS 0x0000000700600000, 0x0000000700600000| Untracked 
|   7|0x0000000700700000, 0x0000000700700000, 0x0000000700800000|  0%| F|  |TAMS 0x0000000700700000, 0x0000000700700000| Untracked 
|   8|0x0000000700800000, 0x0000000700800000, 0x0000000700900000|  0%| F|  |TAMS 0x0000000700800000, 0x0000000700800000| Untracked 
|   9|0x0000000700900000, 0x0000000700900000, 0x0000000700a00000|  0%| F|  |TAMS 0x0000000700900000, 0x0000000700900000| Untracked 
|  10|0x0000000700a00000, 0x0000000700a00000, 0x0000000700b00000|  0%| F|  |TAMS 0x0000000700a00000, 0x0000000700a00000| Untracked 
|  11|0x0000000700b00000, 0x0000000700b00000, 0x0000000700c00000|  0%| F|  |TAMS 0x0000000700b00000, 0x0000000700b00000| Untracked 
|  12|0x0000000700c00000, 0x0000000700c00000, 0x0000000700d00000|  0%| F|  |TAMS 0x0000000700c00000, 0x0000000700c00000| Untracked 
|  13|0x0000000700d00000, 0x0000000700d00000, 0x0000000700e00000|  0%| F|  |TAMS 0x0000000700d00000, 0x0000000700d00000| Untracked 
|  14|0x0000000700e00000, 0x0000000700e00000, 0x0000000700f00000|  0%| F|  |TAMS 0x0000000700e00000, 0x0000000700e00000| Untracked 
|  15|0x0000000700f00000, 0x0000000700f00000, 0x0000000701000000|  0%| F|  |TAMS 0x0000000700f00000, 0x0000000700f00000| Untracked 
|  16|0x0000000701000000, 0x0000000701000000, 0x0000000701100000|  0%| F|  |TAMS 0x0000000701000000, 0x0000000701000000| Untracked 
|  17|0x0000000701100000, 0x0000000701100000, 0x0000000701200000|  0%| F|  |TAMS 0x0000000701100000, 0x0000000701100000| Untracked 
|  18|0x0000000701200000, 0x0000000701200000, 0x0000000701300000|  0%| F|  |TAMS 0x0000000701200000, 0x0000000701200000| Untracked 
|  19|0x0000000701300000, 0x0000000701300000, 0x0000000701400000|  0%| F|  |TAMS 0x0000000701300000, 0x0000000701300000| Untracked 
|  20|0x0000000701400000, 0x0000000701400000, 0x0000000701500000|  0%| F|  |TAMS 0x0000000701400000, 0x0000000701400000| Untracked 
|  21|0x0000000701500000, 0x0000000701500000, 0x0000000701600000|  0%| F|  |TAMS 0x0000000701500000, 0x0000000701500000| Untracked 
|  22|0x0000000701600000, 0x0000000701600000, 0x0000000701700000|  0%| F|  |TAMS 0x0000000701600000, 0x0000000701600000| Untracked 
|  23|0x0000000701700000, 0x0000000701700000, 0x0000000701800000|  0%| F|  |TAMS 0x0000000701700000, 0x0000000701700000| Untracked 
|  24|0x0000000701800000, 0x0000000701800000, 0x0000000701900000|  0%| F|  |TAMS 0x0000000701800000, 0x0000000701800000| Untracked 
|  25|0x0000000701900000, 0x0000000701900000, 0x0000000701a00000|  0%| F|  |TAMS 0x0000000701900000, 0x0000000701900000| Untracked 
|  26|0x0000000701a00000, 0x0000000701a00000, 0x0000000701b00000|  0%| F|  |TAMS 0x0000000701a00000, 0x0000000701a00000| Untracked 
|  27|0x0000000701b00000, 0x0000000701b00000, 0x0000000701c00000|  0%| F|  |TAMS 0x0000000701b00000, 0x0000000701b00000| Untracked 
|  28|0x0000000701c00000, 0x0000000701c00000, 0x0000000701d00000|  0%| F|  |TAMS 0x0000000701c00000, 0x0000000701c00000| Untracked 
|  29|0x0000000701d00000, 0x0000000701d00000, 0x0000000701e00000|  0%| F|  |TAMS 0x0000000701d00000, 0x0000000701d00000| Untracked 
|  30|0x0000000701e00000, 0x0000000701e00000, 0x0000000701f00000|  0%| F|  |TAMS 0x0000000701e00000, 0x0000000701e00000| Untracked 
|  31|0x0000000701f00000, 0x0000000701f00000, 0x0000000702000000|  0%| F|  |TAMS 0x0000000701f00000, 0x0000000701f00000| Untracked 
|  32|0x0000000702000000, 0x0000000702000000, 0x0000000702100000|  0%| F|  |TAMS 0x0000000702000000, 0x0000000702000000| Untracked 
|  33|0x0000000702100000, 0x0000000702100000, 0x0000000702200000|  0%| F|  |TAMS 0x0000000702100000, 0x0000000702100000| Untracked 
|  34|0x0000000702200000, 0x0000000702200000, 0x0000000702300000|  0%| F|  |TAMS 0x0000000702200000, 0x0000000702200000| Untracked 
|  35|0x0000000702300000, 0x0000000702300000, 0x0000000702400000|  0%| F|  |TAMS 0x0000000702300000, 0x0000000702300000| Untracked 
|  36|0x0000000702400000, 0x0000000702400000, 0x0000000702500000|  0%| F|  |TAMS 0x0000000702400000, 0x0000000702400000| Untracked 
|  37|0x0000000702500000, 0x0000000702500000, 0x0000000702600000|  0%| F|  |TAMS 0x0000000702500000, 0x0000000702500000| Untracked 
|  38|0x0000000702600000, 0x0000000702600000, 0x0000000702700000|  0%| F|  |TAMS 0x0000000702600000, 0x0000000702600000| Untracked 
|  39|0x0000000702700000, 0x0000000702700000, 0x0000000702800000|  0%| F|  |TAMS 0x0000000702700000, 0x0000000702700000| Untracked 
|  40|0x0000000702800000, 0x0000000702800000, 0x0000000702900000|  0%| F|  |TAMS 0x0000000702800000, 0x0000000702800000| Untracked 
|  41|0x0000000702900000, 0x0000000702900000, 0x0000000702a00000|  0%| F|  |TAMS 0x0000000702900000, 0x0000000702900000| Untracked 
|  42|0x0000000702a00000, 0x0000000702a00000, 0x0000000702b00000|  0%| F|  |TAMS 0x0000000702a00000, 0x0000000702a00000| Untracked 
|  43|0x0000000702b00000, 0x0000000702b00000, 0x0000000702c00000|  0%| F|  |TAMS 0x0000000702b00000, 0x0000000702b00000| Untracked 
|  44|0x0000000702c00000, 0x0000000702c00000, 0x0000000702d00000|  0%| F|  |TAMS 0x0000000702c00000, 0x0000000702c00000| Untracked 
|  45|0x0000000702d00000, 0x0000000702d00000, 0x0000000702e00000|  0%| F|  |TAMS 0x0000000702d00000, 0x0000000702d00000| Untracked 
|  46|0x0000000702e00000, 0x0000000702e00000, 0x0000000702f00000|  0%| F|  |TAMS 0x0000000702e00000, 0x0000000702e00000| Untracked 
|  47|0x0000000702f00000, 0x0000000702f00000, 0x0000000703000000|  0%| F|  |TAMS 0x0000000702f00000, 0x0000000702f00000| Untracked 
|  48|0x0000000703000000, 0x0000000703000000, 0x0000000703100000|  0%| F|  |TAMS 0x0000000703000000, 0x0000000703000000| Untracked 
|  49|0x0000000703100000, 0x0000000703100000, 0x0000000703200000|  0%| F|  |TAMS 0x0000000703100000, 0x0000000703100000| Untracked 
|  50|0x0000000703200000, 0x0000000703200000, 0x0000000703300000|  0%| F|  |TAMS 0x0000000703200000, 0x0000000703200000| Untracked 
|  51|0x0000000703300000, 0x0000000703300000, 0x0000000703400000|  0%| F|  |TAMS 0x0000000703300000, 0x0000000703300000| Untracked 
|  52|0x0000000703400000, 0x0000000703400000, 0x0000000703500000|  0%| F|  |TAMS 0x0000000703400000, 0x0000000703400000| Untracked 
|  53|0x0000000703500000, 0x0000000703500000, 0x0000000703600000|  0%| F|  |TAMS 0x0000000703500000, 0x0000000703500000| Untracked 
|  54|0x0000000703600000, 0x0000000703600000, 0x0000000703700000|  0%| F|  |TAMS 0x0000000703600000, 0x0000000703600000| Untracked 
|  55|0x0000000703700000, 0x0000000703700000, 0x0000000703800000|  0%| F|  |TAMS 0x0000000703700000, 0x0000000703700000| Untracked 
|  56|0x0000000703800000, 0x0000000703800000, 0x0000000703900000|  0%| F|  |TAMS 0x0000000703800000, 0x0000000703800000| Untracked 
|  57|0x0000000703900000, 0x0000000703900000, 0x0000000703a00000|  0%| F|  |TAMS 0x0000000703900000, 0x0000000703900000| Untracked 
|  58|0x0000000703a00000, 0x0000000703a00000, 0x0000000703b00000|  0%| F|  |TAMS 0x0000000703a00000, 0x0000000703a00000| Untracked 
|  59|0x0000000703b00000, 0x0000000703b00000, 0x0000000703c00000|  0%| F|  |TAMS 0x0000000703b00000, 0x0000000703b00000| Untracked 
|  60|0x0000000703c00000, 0x0000000703c00000, 0x0000000703d00000|  0%| F|  |TAMS 0x0000000703c00000, 0x0000000703c00000| Untracked 
|  61|0x0000000703d00000, 0x0000000703d00000, 0x0000000703e00000|  0%| F|  |TAMS 0x0000000703d00000, 0x0000000703d00000| Untracked 
|  62|0x0000000703e00000, 0x0000000703e00000, 0x0000000703f00000|  0%| F|  |TAMS 0x0000000703e00000, 0x0000000703e00000| Untracked 
|  63|0x0000000703f00000, 0x0000000703f00000, 0x0000000704000000|  0%| F|  |TAMS 0x0000000703f00000, 0x0000000703f00000| Untracked 
|  64|0x0000000704000000, 0x0000000704000000, 0x0000000704100000|  0%| F|  |TAMS 0x0000000704000000, 0x0000000704000000| Untracked 
|  65|0x0000000704100000, 0x0000000704100000, 0x0000000704200000|  0%| F|  |TAMS 0x0000000704100000, 0x0000000704100000| Untracked 
|  66|0x0000000704200000, 0x0000000704200000, 0x0000000704300000|  0%| F|  |TAMS 0x0000000704200000, 0x0000000704200000| Untracked 
|  67|0x0000000704300000, 0x0000000704300000, 0x0000000704400000|  0%| F|  |TAMS 0x0000000704300000, 0x0000000704300000| Untracked 
|  68|0x0000000704400000, 0x0000000704400000, 0x0000000704500000|  0%| F|  |TAMS 0x0000000704400000, 0x0000000704400000| Untracked 
|  69|0x0000000704500000, 0x0000000704500000, 0x0000000704600000|  0%| F|  |TAMS 0x0000000704500000, 0x0000000704500000| Untracked 
|  70|0x0000000704600000, 0x0000000704600000, 0x0000000704700000|  0%| F|  |TAMS 0x0000000704600000, 0x0000000704600000| Untracked 
|  71|0x0000000704700000, 0x0000000704700000, 0x0000000704800000|  0%| F|  |TAMS 0x0000000704700000, 0x0000000704700000| Untracked 
|  72|0x0000000704800000, 0x0000000704800000, 0x0000000704900000|  0%| F|  |TAMS 0x0000000704800000, 0x0000000704800000| Untracked 
|  73|0x0000000704900000, 0x0000000704900000, 0x0000000704a00000|  0%| F|  |TAMS 0x0000000704900000, 0x0000000704900000| Untracked 
|  74|0x0000000704a00000, 0x0000000704a00000, 0x0000000704b00000|  0%| F|  |TAMS 0x0000000704a00000, 0x0000000704a00000| Untracked 
|  75|0x0000000704b00000, 0x0000000704b00000, 0x0000000704c00000|  0%| F|  |TAMS 0x0000000704b00000, 0x0000000704b00000| Untracked 
|  76|0x0000000704c00000, 0x0000000704c00000, 0x0000000704d00000|  0%| F|  |TAMS 0x0000000704c00000, 0x0000000704c00000| Untracked 
|  77|0x0000000704d00000, 0x0000000704d00000, 0x0000000704e00000|  0%| F|  |TAMS 0x0000000704d00000, 0x0000000704d00000| Untracked 
|  78|0x0000000704e00000, 0x0000000704e00000, 0x0000000704f00000|  0%| F|  |TAMS 0x0000000704e00000, 0x0000000704e00000| Untracked 
|  79|0x0000000704f00000, 0x0000000704f00000, 0x0000000705000000|  0%| F|  |TAMS 0x0000000704f00000, 0x0000000704f00000| Untracked 
|  80|0x0000000705000000, 0x0000000705000000, 0x0000000705100000|  0%| F|  |TAMS 0x0000000705000000, 0x0000000705000000| Untracked 
|  81|0x0000000705100000, 0x0000000705100000, 0x0000000705200000|  0%| F|  |TAMS 0x0000000705100000, 0x0000000705100000| Untracked 
|  82|0x0000000705200000, 0x0000000705200000, 0x0000000705300000|  0%| F|  |TAMS 0x0000000705200000, 0x0000000705200000| Untracked 
|  83|0x0000000705300000, 0x0000000705300000, 0x0000000705400000|  0%| F|  |TAMS 0x0000000705300000, 0x0000000705300000| Untracked 
|  84|0x0000000705400000, 0x0000000705400000, 0x0000000705500000|  0%| F|  |TAMS 0x0000000705400000, 0x0000000705400000| Untracked 
|  85|0x0000000705500000, 0x0000000705500000, 0x0000000705600000|  0%| F|  |TAMS 0x0000000705500000, 0x0000000705500000| Untracked 
|  86|0x0000000705600000, 0x0000000705600000, 0x0000000705700000|  0%| F|  |TAMS 0x0000000705600000, 0x0000000705600000| Untracked 
|  87|0x0000000705700000, 0x00000007057b4bf0, 0x0000000705800000| 70%| S|CS|TAMS 0x0000000705700000, 0x0000000705700000| Complete 
|  88|0x0000000705800000, 0x0000000705900000, 0x0000000705900000|100%| S|CS|TAMS 0x0000000705800000, 0x0000000705800000| Complete 
|  89|0x0000000705900000, 0x0000000705a00000, 0x0000000705a00000|100%| S|CS|TAMS 0x0000000705900000, 0x0000000705900000| Complete 
|  90|0x0000000705a00000, 0x0000000705a00000, 0x0000000705b00000|  0%| F|  |TAMS 0x0000000705a00000, 0x0000000705a00000| Untracked 
|  91|0x0000000705b00000, 0x0000000705b00000, 0x0000000705c00000|  0%| F|  |TAMS 0x0000000705b00000, 0x0000000705b00000| Untracked 
|  92|0x0000000705c00000, 0x0000000705c00000, 0x0000000705d00000|  0%| F|  |TAMS 0x0000000705c00000, 0x0000000705c00000| Untracked 
|  93|0x0000000705d00000, 0x0000000705d00000, 0x0000000705e00000|  0%| F|  |TAMS 0x0000000705d00000, 0x0000000705d00000| Untracked 
|  94|0x0000000705e00000, 0x0000000705e00000, 0x0000000705f00000|  0%| F|  |TAMS 0x0000000705e00000, 0x0000000705e00000| Untracked 
|  95|0x0000000705f00000, 0x0000000706000000, 0x0000000706000000|100%| S|CS|TAMS 0x0000000705f00000, 0x0000000705f00000| Complete 
|  96|0x0000000706000000, 0x0000000706100000, 0x0000000706100000|100%| S|CS|TAMS 0x0000000706000000, 0x0000000706000000| Complete 
|  97|0x0000000706100000, 0x0000000706200000, 0x0000000706200000|100%| S|CS|TAMS 0x0000000706100000, 0x0000000706100000| Complete 
|  98|0x0000000706200000, 0x0000000706300000, 0x0000000706300000|100%| S|CS|TAMS 0x0000000706200000, 0x0000000706200000| Complete 
|  99|0x0000000706300000, 0x0000000706400000, 0x0000000706400000|100%| S|CS|TAMS 0x0000000706300000, 0x0000000706300000| Complete 
| 100|0x0000000706400000, 0x0000000706500000, 0x0000000706500000|100%| S|CS|TAMS 0x0000000706400000, 0x0000000706400000| Complete 
| 101|0x0000000706500000, 0x0000000706600000, 0x0000000706600000|100%| S|CS|TAMS 0x0000000706500000, 0x0000000706500000| Complete 
| 102|0x0000000706600000, 0x0000000706700000, 0x0000000706700000|100%| S|CS|TAMS 0x0000000706600000, 0x0000000706600000| Complete 
| 103|0x0000000706700000, 0x0000000706700000, 0x0000000706800000|  0%| F|  |TAMS 0x0000000706700000, 0x0000000706700000| Untracked 
| 104|0x0000000706800000, 0x0000000706800000, 0x0000000706900000|  0%| F|  |TAMS 0x0000000706800000, 0x0000000706800000| Untracked 
| 105|0x0000000706900000, 0x0000000706900000, 0x0000000706a00000|  0%| F|  |TAMS 0x0000000706900000, 0x0000000706900000| Untracked 
| 106|0x0000000706a00000, 0x0000000706a00000, 0x0000000706b00000|  0%| F|  |TAMS 0x0000000706a00000, 0x0000000706a00000| Untracked 
| 107|0x0000000706b00000, 0x0000000706b00000, 0x0000000706c00000|  0%| F|  |TAMS 0x0000000706b00000, 0x0000000706b00000| Untracked 
| 108|0x0000000706c00000, 0x0000000706c00000, 0x0000000706d00000|  0%| F|  |TAMS 0x0000000706c00000, 0x0000000706c00000| Untracked 
| 109|0x0000000706d00000, 0x0000000706d00000, 0x0000000706e00000|  0%| F|  |TAMS 0x0000000706d00000, 0x0000000706d00000| Untracked 
| 110|0x0000000706e00000, 0x0000000706e00000, 0x0000000706f00000|  0%| F|  |TAMS 0x0000000706e00000, 0x0000000706e00000| Untracked 
| 111|0x0000000706f00000, 0x0000000707000000, 0x0000000707000000|100%| S|CS|TAMS 0x0000000706f00000, 0x0000000706f00000| Complete 
| 112|0x0000000707000000, 0x0000000707100000, 0x0000000707100000|100%| S|CS|TAMS 0x0000000707000000, 0x0000000707000000| Complete 
| 113|0x0000000707100000, 0x0000000707200000, 0x0000000707200000|100%| S|CS|TAMS 0x0000000707100000, 0x0000000707100000| Complete 
| 114|0x0000000707200000, 0x0000000707300000, 0x0000000707300000|100%| S|CS|TAMS 0x0000000707200000, 0x0000000707200000| Complete 
| 115|0x0000000707300000, 0x0000000707400000, 0x0000000707400000|100%| S|CS|TAMS 0x0000000707300000, 0x0000000707300000| Complete 
| 116|0x0000000707400000, 0x0000000707400000, 0x0000000707500000|  0%| F|  |TAMS 0x0000000707400000, 0x0000000707400000| Untracked 
| 117|0x0000000707500000, 0x0000000707500000, 0x0000000707600000|  0%| F|  |TAMS 0x0000000707500000, 0x0000000707500000| Untracked 
| 118|0x0000000707600000, 0x0000000707600000, 0x0000000707700000|  0%| F|  |TAMS 0x0000000707600000, 0x0000000707600000| Untracked 
| 119|0x0000000707700000, 0x0000000707700000, 0x0000000707800000|  0%| F|  |TAMS 0x0000000707700000, 0x0000000707700000| Untracked 
| 120|0x0000000707800000, 0x0000000707800000, 0x0000000707900000|  0%| F|  |TAMS 0x0000000707800000, 0x0000000707800000| Untracked 
| 121|0x0000000707900000, 0x0000000707900000, 0x0000000707a00000|  0%| F|  |TAMS 0x0000000707900000, 0x0000000707900000| Untracked 
| 122|0x0000000707a00000, 0x0000000707a00000, 0x0000000707b00000|  0%| F|  |TAMS 0x0000000707a00000, 0x0000000707a00000| Untracked 
| 123|0x0000000707b00000, 0x0000000707b00000, 0x0000000707c00000|  0%| F|  |TAMS 0x0000000707b00000, 0x0000000707b00000| Untracked 
| 124|0x0000000707c00000, 0x0000000707c00000, 0x0000000707d00000|  0%| F|  |TAMS 0x0000000707c00000, 0x0000000707c00000| Untracked 
| 125|0x0000000707d00000, 0x0000000707d00000, 0x0000000707e00000|  0%| F|  |TAMS 0x0000000707d00000, 0x0000000707d00000| Untracked 
| 126|0x0000000707e00000, 0x0000000707e00000, 0x0000000707f00000|  0%| F|  |TAMS 0x0000000707e00000, 0x0000000707e00000| Untracked 
| 127|0x0000000707f00000, 0x0000000707f00000, 0x0000000708000000|  0%| F|  |TAMS 0x0000000707f00000, 0x0000000707f00000| Untracked 
| 128|0x0000000708000000, 0x0000000708000000, 0x0000000708100000|  0%| F|  |TAMS 0x0000000708000000, 0x0000000708000000| Untracked 
| 129|0x0000000708100000, 0x0000000708100000, 0x0000000708200000|  0%| F|  |TAMS 0x0000000708100000, 0x0000000708100000| Untracked 
| 130|0x0000000708200000, 0x0000000708200000, 0x0000000708300000|  0%| F|  |TAMS 0x0000000708200000, 0x0000000708200000| Untracked 
| 131|0x0000000708300000, 0x0000000708300000, 0x0000000708400000|  0%| F|  |TAMS 0x0000000708300000, 0x0000000708300000| Untracked 
| 132|0x0000000708400000, 0x0000000708400000, 0x0000000708500000|  0%| F|  |TAMS 0x0000000708400000, 0x0000000708400000| Untracked 
| 133|0x0000000708500000, 0x0000000708500000, 0x0000000708600000|  0%| F|  |TAMS 0x0000000708500000, 0x0000000708500000| Untracked 
| 134|0x0000000708600000, 0x0000000708600000, 0x0000000708700000|  0%| F|  |TAMS 0x0000000708600000, 0x0000000708600000| Untracked 
| 135|0x0000000708700000, 0x0000000708700000, 0x0000000708800000|  0%| F|  |TAMS 0x0000000708700000, 0x0000000708700000| Untracked 
| 136|0x0000000708800000, 0x0000000708800000, 0x0000000708900000|  0%| F|  |TAMS 0x0000000708800000, 0x0000000708800000| Untracked 
| 137|0x0000000708900000, 0x0000000708900000, 0x0000000708a00000|  0%| F|  |TAMS 0x0000000708900000, 0x0000000708900000| Untracked 
| 138|0x0000000708a00000, 0x0000000708a00000, 0x0000000708b00000|  0%| F|  |TAMS 0x0000000708a00000, 0x0000000708a00000| Untracked 
| 139|0x0000000708b00000, 0x0000000708b00000, 0x0000000708c00000|  0%| F|  |TAMS 0x0000000708b00000, 0x0000000708b00000| Untracked 
| 140|0x0000000708c00000, 0x0000000708c00000, 0x0000000708d00000|  0%| F|  |TAMS 0x0000000708c00000, 0x0000000708c00000| Untracked 
| 141|0x0000000708d00000, 0x0000000708d00000, 0x0000000708e00000|  0%| F|  |TAMS 0x0000000708d00000, 0x0000000708d00000| Untracked 
| 142|0x0000000708e00000, 0x0000000708e00000, 0x0000000708f00000|  0%| F|  |TAMS 0x0000000708e00000, 0x0000000708e00000| Untracked 
| 143|0x0000000708f00000, 0x0000000708f00000, 0x0000000709000000|  0%| F|  |TAMS 0x0000000708f00000, 0x0000000708f00000| Untracked 
| 144|0x0000000709000000, 0x0000000709000000, 0x0000000709100000|  0%| F|  |TAMS 0x0000000709000000, 0x0000000709000000| Untracked 
| 145|0x0000000709100000, 0x0000000709100000, 0x0000000709200000|  0%| F|  |TAMS 0x0000000709100000, 0x0000000709100000| Untracked 
| 146|0x0000000709200000, 0x0000000709200000, 0x0000000709300000|  0%| F|  |TAMS 0x0000000709200000, 0x0000000709200000| Untracked 
| 147|0x0000000709300000, 0x0000000709300000, 0x0000000709400000|  0%| F|  |TAMS 0x0000000709300000, 0x0000000709300000| Untracked 
| 148|0x0000000709400000, 0x0000000709400000, 0x0000000709500000|  0%| F|  |TAMS 0x0000000709400000, 0x0000000709400000| Untracked 
| 149|0x0000000709500000, 0x0000000709500000, 0x0000000709600000|  0%| F|  |TAMS 0x0000000709500000, 0x0000000709500000| Untracked 
| 150|0x0000000709600000, 0x0000000709600000, 0x0000000709700000|  0%| F|  |TAMS 0x0000000709600000, 0x0000000709600000| Untracked 
| 151|0x0000000709700000, 0x0000000709700000, 0x0000000709800000|  0%| F|  |TAMS 0x0000000709700000, 0x0000000709700000| Untracked 
| 152|0x0000000709800000, 0x0000000709800000, 0x0000000709900000|  0%| F|  |TAMS 0x0000000709800000, 0x0000000709800000| Untracked 
| 153|0x0000000709900000, 0x0000000709900000, 0x0000000709a00000|  0%| F|  |TAMS 0x0000000709900000, 0x0000000709900000| Untracked 
| 154|0x0000000709a00000, 0x0000000709a80800, 0x0000000709b00000| 50%| E|  |TAMS 0x0000000709a00000, 0x0000000709a00000| Complete 
| 155|0x0000000709b00000, 0x0000000709c00000, 0x0000000709c00000|100%| E|CS|TAMS 0x0000000709b00000, 0x0000000709b00000| Complete 
| 156|0x0000000709c00000, 0x0000000709d00000, 0x0000000709d00000|100%| E|CS|TAMS 0x0000000709c00000, 0x0000000709c00000| Complete 
| 157|0x0000000709d00000, 0x0000000709e00000, 0x0000000709e00000|100%| E|CS|TAMS 0x0000000709d00000, 0x0000000709d00000| Complete 
| 158|0x0000000709e00000, 0x0000000709f00000, 0x0000000709f00000|100%| E|CS|TAMS 0x0000000709e00000, 0x0000000709e00000| Complete 
| 159|0x0000000709f00000, 0x000000070a000000, 0x000000070a000000|100%| E|CS|TAMS 0x0000000709f00000, 0x0000000709f00000| Complete 
| 160|0x000000070a000000, 0x000000070a100000, 0x000000070a100000|100%| E|CS|TAMS 0x000000070a000000, 0x000000070a000000| Complete 
| 161|0x000000070a100000, 0x000000070a200000, 0x000000070a200000|100%| E|CS|TAMS 0x000000070a100000, 0x000000070a100000| Complete 
| 162|0x000000070a200000, 0x000000070a300000, 0x000000070a300000|100%| E|CS|TAMS 0x000000070a200000, 0x000000070a200000| Complete 
| 163|0x000000070a300000, 0x000000070a400000, 0x000000070a400000|100%| E|CS|TAMS 0x000000070a300000, 0x000000070a300000| Complete 
| 164|0x000000070a400000, 0x000000070a500000, 0x000000070a500000|100%| E|CS|TAMS 0x000000070a400000, 0x000000070a400000| Complete 
| 165|0x000000070a500000, 0x000000070a600000, 0x000000070a600000|100%| E|CS|TAMS 0x000000070a500000, 0x000000070a500000| Complete 
| 166|0x000000070a600000, 0x000000070a700000, 0x000000070a700000|100%| E|CS|TAMS 0x000000070a600000, 0x000000070a600000| Complete 
| 167|0x000000070a700000, 0x000000070a800000, 0x000000070a800000|100%| E|CS|TAMS 0x000000070a700000, 0x000000070a700000| Complete 
| 168|0x000000070a800000, 0x000000070a900000, 0x000000070a900000|100%| E|CS|TAMS 0x000000070a800000, 0x000000070a800000| Complete 
| 169|0x000000070a900000, 0x000000070aa00000, 0x000000070aa00000|100%| E|CS|TAMS 0x000000070a900000, 0x000000070a900000| Complete 
| 170|0x000000070aa00000, 0x000000070ab00000, 0x000000070ab00000|100%| E|CS|TAMS 0x000000070aa00000, 0x000000070aa00000| Complete 
| 171|0x000000070ab00000, 0x000000070ac00000, 0x000000070ac00000|100%| E|CS|TAMS 0x000000070ab00000, 0x000000070ab00000| Complete 
| 172|0x000000070ac00000, 0x000000070ad00000, 0x000000070ad00000|100%| E|CS|TAMS 0x000000070ac00000, 0x000000070ac00000| Complete 
| 173|0x000000070ad00000, 0x000000070ae00000, 0x000000070ae00000|100%| E|CS|TAMS 0x000000070ad00000, 0x000000070ad00000| Complete 
| 174|0x000000070ae00000, 0x000000070af00000, 0x000000070af00000|100%| E|CS|TAMS 0x000000070ae00000, 0x000000070ae00000| Complete 
| 175|0x000000070af00000, 0x000000070b000000, 0x000000070b000000|100%| E|CS|TAMS 0x000000070af00000, 0x000000070af00000| Complete 
| 176|0x000000070b000000, 0x000000070b100000, 0x000000070b100000|100%| E|CS|TAMS 0x000000070b000000, 0x000000070b000000| Complete 
| 177|0x000000070b100000, 0x000000070b200000, 0x000000070b200000|100%| E|CS|TAMS 0x000000070b100000, 0x000000070b100000| Complete 
| 178|0x000000070b200000, 0x000000070b300000, 0x000000070b300000|100%| E|CS|TAMS 0x000000070b200000, 0x000000070b200000| Complete 
| 179|0x000000070b300000, 0x000000070b400000, 0x000000070b400000|100%| E|CS|TAMS 0x000000070b300000, 0x000000070b300000| Complete 
| 180|0x000000070b400000, 0x000000070b500000, 0x000000070b500000|100%| E|CS|TAMS 0x000000070b400000, 0x000000070b400000| Complete 
| 181|0x000000070b500000, 0x000000070b600000, 0x000000070b600000|100%| E|CS|TAMS 0x000000070b500000, 0x000000070b500000| Complete 
| 182|0x000000070b600000, 0x000000070b700000, 0x000000070b700000|100%| E|CS|TAMS 0x000000070b600000, 0x000000070b600000| Complete 
| 183|0x000000070b700000, 0x000000070b800000, 0x000000070b800000|100%| E|CS|TAMS 0x000000070b700000, 0x000000070b700000| Complete 
| 184|0x000000070b800000, 0x000000070b900000, 0x000000070b900000|100%| E|CS|TAMS 0x000000070b800000, 0x000000070b800000| Complete 
| 185|0x000000070b900000, 0x000000070ba00000, 0x000000070ba00000|100%| E|CS|TAMS 0x000000070b900000, 0x000000070b900000| Complete 
| 186|0x000000070ba00000, 0x000000070bb00000, 0x000000070bb00000|100%| E|CS|TAMS 0x000000070ba00000, 0x000000070ba00000| Complete 
| 187|0x000000070bb00000, 0x000000070bc00000, 0x000000070bc00000|100%| E|CS|TAMS 0x000000070bb00000, 0x000000070bb00000| Complete 
| 188|0x000000070bc00000, 0x000000070bd00000, 0x000000070bd00000|100%| E|CS|TAMS 0x000000070bc00000, 0x000000070bc00000| Complete 
| 189|0x000000070bd00000, 0x000000070be00000, 0x000000070be00000|100%| E|CS|TAMS 0x000000070bd00000, 0x000000070bd00000| Complete 
| 190|0x000000070be00000, 0x000000070bf00000, 0x000000070bf00000|100%| E|CS|TAMS 0x000000070be00000, 0x000000070be00000| Complete 
| 191|0x000000070bf00000, 0x000000070c000000, 0x000000070c000000|100%| E|CS|TAMS 0x000000070bf00000, 0x000000070bf00000| Complete 
| 192|0x000000070c000000, 0x000000070c100000, 0x000000070c100000|100%| E|CS|TAMS 0x000000070c000000, 0x000000070c000000| Complete 
| 193|0x000000070c100000, 0x000000070c200000, 0x000000070c200000|100%| E|CS|TAMS 0x000000070c100000, 0x000000070c100000| Complete 
| 194|0x000000070c200000, 0x000000070c300000, 0x000000070c300000|100%| E|CS|TAMS 0x000000070c200000, 0x000000070c200000| Complete 
| 195|0x000000070c300000, 0x000000070c400000, 0x000000070c400000|100%| E|CS|TAMS 0x000000070c300000, 0x000000070c300000| Complete 
| 196|0x000000070c400000, 0x000000070c500000, 0x000000070c500000|100%| E|CS|TAMS 0x000000070c400000, 0x000000070c400000| Complete 
| 197|0x000000070c500000, 0x000000070c600000, 0x000000070c600000|100%| E|CS|TAMS 0x000000070c500000, 0x000000070c500000| Complete 
| 198|0x000000070c600000, 0x000000070c700000, 0x000000070c700000|100%| E|CS|TAMS 0x000000070c600000, 0x000000070c600000| Complete 
| 199|0x000000070c700000, 0x000000070c800000, 0x000000070c800000|100%| E|CS|TAMS 0x000000070c700000, 0x000000070c700000| Complete 
| 200|0x000000070c800000, 0x000000070c900000, 0x000000070c900000|100%| E|CS|TAMS 0x000000070c800000, 0x000000070c800000| Complete 
| 201|0x000000070c900000, 0x000000070ca00000, 0x000000070ca00000|100%| E|CS|TAMS 0x000000070c900000, 0x000000070c900000| Complete 
| 202|0x000000070ca00000, 0x000000070cb00000, 0x000000070cb00000|100%| E|CS|TAMS 0x000000070ca00000, 0x000000070ca00000| Complete 
| 203|0x000000070cb00000, 0x000000070cc00000, 0x000000070cc00000|100%| E|CS|TAMS 0x000000070cb00000, 0x000000070cb00000| Complete 
| 204|0x000000070cc00000, 0x000000070cd00000, 0x000000070cd00000|100%| E|CS|TAMS 0x000000070cc00000, 0x000000070cc00000| Complete 
| 205|0x000000070cd00000, 0x000000070ce00000, 0x000000070ce00000|100%| E|CS|TAMS 0x000000070cd00000, 0x000000070cd00000| Complete 
| 206|0x000000070ce00000, 0x000000070cf00000, 0x000000070cf00000|100%| E|CS|TAMS 0x000000070ce00000, 0x000000070ce00000| Complete 
| 207|0x000000070cf00000, 0x000000070d000000, 0x000000070d000000|100%| E|CS|TAMS 0x000000070cf00000, 0x000000070cf00000| Complete 
| 208|0x000000070d000000, 0x000000070d100000, 0x000000070d100000|100%| E|CS|TAMS 0x000000070d000000, 0x000000070d000000| Complete 
| 209|0x000000070d100000, 0x000000070d200000, 0x000000070d200000|100%| E|CS|TAMS 0x000000070d100000, 0x000000070d100000| Complete 
| 210|0x000000070d200000, 0x000000070d300000, 0x000000070d300000|100%| E|CS|TAMS 0x000000070d200000, 0x000000070d200000| Complete 
| 211|0x000000070d300000, 0x000000070d400000, 0x000000070d400000|100%| E|CS|TAMS 0x000000070d300000, 0x000000070d300000| Complete 
| 212|0x000000070d400000, 0x000000070d500000, 0x000000070d500000|100%| E|CS|TAMS 0x000000070d400000, 0x000000070d400000| Complete 
| 213|0x000000070d500000, 0x000000070d600000, 0x000000070d600000|100%| E|CS|TAMS 0x000000070d500000, 0x000000070d500000| Complete 
| 214|0x000000070d600000, 0x000000070d700000, 0x000000070d700000|100%| E|CS|TAMS 0x000000070d600000, 0x000000070d600000| Complete 
| 215|0x000000070d700000, 0x000000070d800000, 0x000000070d800000|100%| E|CS|TAMS 0x000000070d700000, 0x000000070d700000| Complete 
| 216|0x000000070d800000, 0x000000070d900000, 0x000000070d900000|100%| E|CS|TAMS 0x000000070d800000, 0x000000070d800000| Complete 
| 217|0x000000070d900000, 0x000000070da00000, 0x000000070da00000|100%| E|CS|TAMS 0x000000070d900000, 0x000000070d900000| Complete 
| 218|0x000000070da00000, 0x000000070db00000, 0x000000070db00000|100%| E|CS|TAMS 0x000000070da00000, 0x000000070da00000| Complete 
| 219|0x000000070db00000, 0x000000070dc00000, 0x000000070dc00000|100%| E|CS|TAMS 0x000000070db00000, 0x000000070db00000| Complete 
| 220|0x000000070dc00000, 0x000000070dd00000, 0x000000070dd00000|100%| E|CS|TAMS 0x000000070dc00000, 0x000000070dc00000| Complete 
| 221|0x000000070dd00000, 0x000000070de00000, 0x000000070de00000|100%| E|CS|TAMS 0x000000070dd00000, 0x000000070dd00000| Complete 
| 222|0x000000070de00000, 0x000000070df00000, 0x000000070df00000|100%| E|CS|TAMS 0x000000070de00000, 0x000000070de00000| Complete 
| 223|0x000000070df00000, 0x000000070e000000, 0x000000070e000000|100%| E|CS|TAMS 0x000000070df00000, 0x000000070df00000| Complete 
| 224|0x000000070e000000, 0x000000070e100000, 0x000000070e100000|100%| E|CS|TAMS 0x000000070e000000, 0x000000070e000000| Complete 
| 225|0x000000070e100000, 0x000000070e200000, 0x000000070e200000|100%| E|CS|TAMS 0x000000070e100000, 0x000000070e100000| Complete 
| 226|0x000000070e200000, 0x000000070e300000, 0x000000070e300000|100%| E|CS|TAMS 0x000000070e200000, 0x000000070e200000| Complete 
| 227|0x000000070e300000, 0x000000070e400000, 0x000000070e400000|100%| E|CS|TAMS 0x000000070e300000, 0x000000070e300000| Complete 
| 228|0x000000070e400000, 0x000000070e500000, 0x000000070e500000|100%| E|CS|TAMS 0x000000070e400000, 0x000000070e400000| Complete 
| 229|0x000000070e500000, 0x000000070e600000, 0x000000070e600000|100%| E|CS|TAMS 0x000000070e500000, 0x000000070e500000| Complete 
| 230|0x000000070e600000, 0x000000070e700000, 0x000000070e700000|100%| E|CS|TAMS 0x000000070e600000, 0x000000070e600000| Complete 
| 231|0x000000070e700000, 0x000000070e800000, 0x000000070e800000|100%| E|CS|TAMS 0x000000070e700000, 0x000000070e700000| Complete 
| 232|0x000000070e800000, 0x000000070e900000, 0x000000070e900000|100%| E|CS|TAMS 0x000000070e800000, 0x000000070e800000| Complete 
| 233|0x000000070e900000, 0x000000070ea00000, 0x000000070ea00000|100%| E|CS|TAMS 0x000000070e900000, 0x000000070e900000| Complete 
| 234|0x000000070ea00000, 0x000000070eb00000, 0x000000070eb00000|100%| E|CS|TAMS 0x000000070ea00000, 0x000000070ea00000| Complete 
| 235|0x000000070eb00000, 0x000000070ec00000, 0x000000070ec00000|100%| E|CS|TAMS 0x000000070eb00000, 0x000000070eb00000| Complete 
| 236|0x000000070ec00000, 0x000000070ed00000, 0x000000070ed00000|100%| E|CS|TAMS 0x000000070ec00000, 0x000000070ec00000| Complete 
| 237|0x000000070ed00000, 0x000000070ee00000, 0x000000070ee00000|100%| E|CS|TAMS 0x000000070ed00000, 0x000000070ed00000| Complete 
| 238|0x000000070ee00000, 0x000000070ef00000, 0x000000070ef00000|100%| E|CS|TAMS 0x000000070ee00000, 0x000000070ee00000| Complete 
| 239|0x000000070ef00000, 0x000000070f000000, 0x000000070f000000|100%| E|CS|TAMS 0x000000070ef00000, 0x000000070ef00000| Complete 
| 240|0x000000070f000000, 0x000000070f100000, 0x000000070f100000|100%| E|CS|TAMS 0x000000070f000000, 0x000000070f000000| Complete 
| 241|0x000000070f100000, 0x000000070f200000, 0x000000070f200000|100%| E|CS|TAMS 0x000000070f100000, 0x000000070f100000| Complete 
| 242|0x000000070f200000, 0x000000070f300000, 0x000000070f300000|100%| E|CS|TAMS 0x000000070f200000, 0x000000070f200000| Complete 
| 243|0x000000070f300000, 0x000000070f400000, 0x000000070f400000|100%| E|CS|TAMS 0x000000070f300000, 0x000000070f300000| Complete 
| 244|0x000000070f400000, 0x000000070f500000, 0x000000070f500000|100%| E|CS|TAMS 0x000000070f400000, 0x000000070f400000| Complete 
| 245|0x000000070f500000, 0x000000070f600000, 0x000000070f600000|100%| E|CS|TAMS 0x000000070f500000, 0x000000070f500000| Complete 
| 246|0x000000070f600000, 0x000000070f700000, 0x000000070f700000|100%| E|CS|TAMS 0x000000070f600000, 0x000000070f600000| Complete 
| 247|0x000000070f700000, 0x000000070f800000, 0x000000070f800000|100%| E|CS|TAMS 0x000000070f700000, 0x000000070f700000| Complete 
| 248|0x000000070f800000, 0x000000070f900000, 0x000000070f900000|100%| E|CS|TAMS 0x000000070f800000, 0x000000070f800000| Complete 
| 249|0x000000070f900000, 0x000000070fa00000, 0x000000070fa00000|100%| E|CS|TAMS 0x000000070f900000, 0x000000070f900000| Complete 
| 250|0x000000070fa00000, 0x000000070fb00000, 0x000000070fb00000|100%| E|CS|TAMS 0x000000070fa00000, 0x000000070fa00000| Complete 
| 251|0x000000070fb00000, 0x000000070fc00000, 0x000000070fc00000|100%| E|CS|TAMS 0x000000070fb00000, 0x000000070fb00000| Complete 
| 252|0x000000070fc00000, 0x000000070fd00000, 0x000000070fd00000|100%| E|CS|TAMS 0x000000070fc00000, 0x000000070fc00000| Complete 
| 253|0x000000070fd00000, 0x000000070fe00000, 0x000000070fe00000|100%| E|CS|TAMS 0x000000070fd00000, 0x000000070fd00000| Complete 
| 254|0x000000070fe00000, 0x000000070ff00000, 0x000000070ff00000|100%| E|CS|TAMS 0x000000070fe00000, 0x000000070fe00000| Complete 
| 255|0x000000070ff00000, 0x0000000710000000, 0x0000000710000000|100%| E|CS|TAMS 0x000000070ff00000, 0x000000070ff00000| Complete 

Card table byte_map: [0x0000000123c3a000,0x000000012443a000] _byte_map_base: 0x000000012043a000

Marking Bits (Prev, Next): (CMBitMap*) 0x00007fb448841e18, (CMBitMap*) 0x00007fb448841e50
 Prev Bits: [0x0000000124c3a000, 0x0000000128c3a000)
 Next Bits: [0x0000000128c3a000, 0x000000012cc3a000)

Polling page: 0x0000000100ef7000

Metaspace:

Usage:
  Non-class:      9.09 MB capacity,     8.98 MB ( 99%) used,   102.15 KB (  1%) free+waste,     9.56 KB ( <1%) overhead. 
      Class:    916.00 KB capacity,   872.79 KB ( 95%) used,    39.52 KB (  4%) free+waste,     3.69 KB ( <1%) overhead. 
       Both:      9.98 MB capacity,     9.83 MB ( 98%) used,   141.67 KB (  1%) free+waste,    13.25 KB ( <1%) overhead. 

Virtual space:
  Non-class space:       10.00 MB reserved,       9.25 MB ( 92%) committed 
      Class space:        1.00 GB reserved,       1.00 MB ( <1%) committed 
             Both:        1.01 GB reserved,      10.25 MB ( <1%) committed 

Chunk freelists:
   Non-Class:  54.00 KB
       Class:  12.00 KB
        Both:  66.00 KB

MaxMetaspaceSize: unlimited
CompressedClassSpaceSize: 1.00 GB
Initial GC threshold: 20.80 MB
Current GC threshold: 20.80 MB
CDS: off

CodeHeap 'non-profiled nmethods': size=120032Kb used=296Kb max_used=296Kb free=119735Kb
 bounds [0x000000011c702000, 0x000000011c972000, 0x0000000123c3a000]
CodeHeap 'profiled nmethods': size=120028Kb used=1066Kb max_used=1066Kb free=118962Kb
 bounds [0x00000001151cb000, 0x000000011543b000, 0x000000011c702000]
CodeHeap 'non-nmethods': size=5700Kb used=1179Kb max_used=1195Kb free=4520Kb
 bounds [0x0000000114c3a000, 0x0000000114eaa000, 0x00000001151cb000]
 total_blobs=1060 nmethods=690 adapters=293
 compilation: enabled
              stopped_count=0, restarted_count=0
 full_count=0

Compilation events (20 events):
Event: 8.691 Thread 0x00007fb4488f8800  683 %     3       java.util.regex.Pattern$CharPropertyGreedy::match @ 9 (122 bytes)
Event: 8.693 Thread 0x00007fb4488f8800 nmethod 683% 0x00000001152d2490 code [0x00000001152d26c0, 0x00000001152d2f50]
Event: 8.694 Thread 0x00007fb4488f8800  684       3       java.util.regex.Pattern$CharPropertyGreedy::match (122 bytes)
Event: 8.695 Thread 0x00007fb4488f8800 nmethod 684 0x00000001152d3290 code [0x00000001152d34c0, 0x00000001152d3c70]
Event: 8.698 Thread 0x00007fb4488f8800  685       3       java.util.ArrayList::newCapacity (65 bytes)
Event: 8.698 Thread 0x00007fb4488f8800 nmethod 685 0x00000001152d3f10 code [0x00000001152d4120, 0x00000001152d46d0]
Event: 8.702 Thread 0x00007fb4488f8800  686       3       java.lang.StringLatin1::inflate (34 bytes)
Event: 8.703 Thread 0x00007fb4488f8800 nmethod 686 0x00000001152d4890 code [0x00000001152d4a60, 0x00000001152d4c50]
Event: 8.703 Thread 0x00007fb4488f8800  687       3       java.nio.ByteBuffer::array (35 bytes)
Event: 8.703 Thread 0x00007fb4488f8800 nmethod 687 0x00000001152d4d90 code [0x00000001152d4f80, 0x00000001152d5270]
Event: 243.027 Thread 0x00007fb4488f8800  688       3       org.eclipse.jdt.launching.internal.org.objectweb.asm.SymbolTable$Entry::<init> (17 bytes)
Event: 243.027 Thread 0x00007fb4488f8800 nmethod 688 0x00000001152d5410 code [0x00000001152d55c0, 0x00000001152d5740]
Event: 243.027 Thread 0x00007fb4488f8800  689       1       org.eclipse.jdt.launching.internal.org.objectweb.asm.SymbolTable::getMajorVersion (5 bytes)
Event: 243.027 Thread 0x00007fb4488f8800 nmethod 689 0x000000011c74b410 code [0x000000011c74b5c0, 0x000000011c74b670]
Event: 308.094 Thread 0x00007fb4488f8000  690       4       org.eclipse.jdt.launching.internal.org.objectweb.asm.ClassReader::getItem (7 bytes)
Event: 308.094 Thread 0x00007fb4488f8800  692       1       org.eclipse.jdt.launching.internal.org.objectweb.asm.SymbolTable::getSource (5 bytes)
Event: 308.094 Thread 0x00007fb4488f8800 nmethod 692 0x000000011c74b710 code [0x000000011c74b8c0, 0x000000011c74b970]
Event: 308.097 Thread 0x00007fb4488f8000 nmethod 690 0x000000011c74ba10 code [0x000000011c74bba0, 0x000000011c74bc38]
Event: 308.097 Thread 0x00007fb4488f8000  691       4       org.eclipse.jdt.launching.internal.org.objectweb.asm.ClassReader::readUnsignedShort (26 bytes)
Event: 308.098 Thread 0x00007fb4488f8000 nmethod 691 0x000000011c74bd10 code [0x000000011c74bea0, 0x000000011c74bf78]

GC Heap History (8 events):
Event: 0.655 GC heap before
{Heap before GC invocations=0 (full 0):
 garbage-first heap   total 262144K, used 26624K [0x0000000700000000, 0x0000000800000000)
  region size 1024K, 24 young (24576K), 0 survivors (0K)
 Metaspace       used 9913K, capacity 10027K, committed 10240K, reserved 1058816K
  class space    used 864K, capacity 915K, committed 1024K, reserved 1048576K
}
Event: 0.663 GC heap after
{Heap after GC invocations=1 (full 0):
 garbage-first heap   total 262144K, used 4322K [0x0000000700000000, 0x0000000800000000)
  region size 1024K, 3 young (3072K), 3 survivors (3072K)
 Metaspace       used 9913K, capacity 10027K, committed 10240K, reserved 1058816K
  class space    used 864K, capacity 915K, committed 1024K, reserved 1048576K
}
Event: 0.821 GC heap before
{Heap before GC invocations=1 (full 0):
 garbage-first heap   total 262144K, used 157922K [0x0000000700000000, 0x0000000800000000)
  region size 1024K, 153 young (156672K), 3 survivors (3072K)
 Metaspace       used 9952K, capacity 10091K, committed 10496K, reserved 1058816K
  class space    used 864K, capacity 915K, committed 1024K, reserved 1048576K
}
Event: 0.830 GC heap after
{Heap after GC invocations=2 (full 0):
 garbage-first heap   total 262144K, used 9628K [0x0000000700000000, 0x0000000800000000)
  region size 1024K, 8 young (8192K), 8 survivors (8192K)
 Metaspace       used 9952K, capacity 10091K, committed 10496K, reserved 1058816K
  class space    used 864K, capacity 915K, committed 1024K, reserved 1048576K
}
Event: 0.874 GC heap before
{Heap before GC invocations=2 (full 0):
 garbage-first heap   total 262144K, used 158108K [0x0000000700000000, 0x0000000800000000)
  region size 1024K, 153 young (156672K), 8 survivors (8192K)
 Metaspace       used 9962K, capacity 10091K, committed 10496K, reserved 1058816K
  class space    used 864K, capacity 915K, committed 1024K, reserved 1048576K
}
Event: 0.885 GC heap after
{Heap after GC invocations=3 (full 0):
 garbage-first heap   total 262144K, used 15143K [0x0000000700000000, 0x0000000800000000)
  region size 1024K, 13 young (13312K), 13 survivors (13312K)
 Metaspace       used 9962K, capacity 10091K, committed 10496K, reserved 1058816K
  class space    used 864K, capacity 915K, committed 1024K, reserved 1048576K
}
Event: 0.921 GC heap before
{Heap before GC invocations=3 (full 0):
 garbage-first heap   total 262144K, used 158503K [0x0000000700000000, 0x0000000800000000)
  region size 1024K, 153 young (156672K), 13 survivors (13312K)
 Metaspace       used 9974K, capacity 10091K, committed 10496K, reserved 1058816K
  class space    used 864K, capacity 915K, committed 1024K, reserved 1048576K
}
Event: 0.928 GC heap after
{Heap after GC invocations=4 (full 0):
 garbage-first heap   total 262144K, used 20428K [0x0000000700000000, 0x0000000800000000)
  region size 1024K, 16 young (16384K), 16 survivors (16384K)
 Metaspace       used 9974K, capacity 10091K, committed 10496K, reserved 1058816K
  class space    used 864K, capacity 915K, committed 1024K, reserved 1048576K
}

Deoptimization events (20 events):
Event: 3.509 Thread 0x00007fb448812800 Uncommon trap: trap_request=0xffffff4d fr.pc=0x000000011c7359dc relative=0x00000000000005dc
Event: 3.509 Thread 0x00007fb448812800 Uncommon trap: reason=unstable_if action=reinterpret pc=0x000000011c7359dc method=java.util.regex.Pattern$LastNode.match(Ljava/util/regex/Matcher;ILjava/lang/CharSequence;)Z @ 5 c2
Event: 3.509 Thread 0x00007fb448812800 DEOPT PACKING pc=0x000000011c7359dc sp=0x00000003062deec0
Event: 3.509 Thread 0x00007fb448812800 DEOPT UNPACKING pc=0x0000000114c83e9f sp=0x00000003062dee90 mode 2
Event: 8.682 Thread 0x00007fb448812800 Uncommon trap: trap_request=0xffffffde fr.pc=0x000000011c741a7c relative=0x000000000000037c
Event: 8.682 Thread 0x00007fb448812800 Uncommon trap: reason=class_check action=maybe_recompile pc=0x000000011c741a7c method=java.util.regex.Pattern$Start.match(Ljava/util/regex/Matcher;ILjava/lang/CharSequence;)Z @ 44 c2
Event: 8.682 Thread 0x00007fb448812800 DEOPT PACKING pc=0x000000011c741a7c sp=0x00000003062df890
Event: 8.682 Thread 0x00007fb448812800 DEOPT UNPACKING pc=0x0000000114c83e9f sp=0x00000003062df788 mode 2
Event: 8.682 Thread 0x00007fb448812800 Uncommon trap: trap_request=0xffffff4d fr.pc=0x000000011c739c50 relative=0x00000000000000b0
Event: 8.682 Thread 0x00007fb448812800 Uncommon trap: reason=unstable_if action=reinterpret pc=0x000000011c739c50 method=java.util.regex.Pattern$LastNode.match(Ljava/util/regex/Matcher;ILjava/lang/CharSequence;)Z @ 5 c2
Event: 8.682 Thread 0x00007fb448812800 DEOPT PACKING pc=0x000000011c739c50 sp=0x00000003062df750
Event: 8.682 Thread 0x00007fb448812800 DEOPT UNPACKING pc=0x0000000114c83e9f sp=0x00000003062df718 mode 2
Event: 11.345 Thread 0x00007fb448812800 Uncommon trap: trap_request=0xffffffde fr.pc=0x000000011c741a7c relative=0x000000000000037c
Event: 11.345 Thread 0x00007fb448812800 Uncommon trap: reason=class_check action=maybe_recompile pc=0x000000011c741a7c method=java.util.regex.Pattern$Start.match(Ljava/util/regex/Matcher;ILjava/lang/CharSequence;)Z @ 44 c2
Event: 11.345 Thread 0x00007fb448812800 DEOPT PACKING pc=0x000000011c741a7c sp=0x00000003062df7b0
Event: 11.345 Thread 0x00007fb448812800 DEOPT UNPACKING pc=0x0000000114c83e9f sp=0x00000003062df6a8 mode 2
Event: 11.346 Thread 0x00007fb448812800 Uncommon trap: trap_request=0xffffffc6 fr.pc=0x000000011c742c2c relative=0x00000000000007ec
Event: 11.346 Thread 0x00007fb448812800 Uncommon trap: reason=bimorphic_or_optimized_type_check action=maybe_recompile pc=0x000000011c742c2c method=java.util.regex.Pattern$BmpCharProperty.match(Ljava/util/regex/Matcher;ILjava/lang/CharSequence;)Z @ 19 c2
Event: 11.346 Thread 0x00007fb448812800 DEOPT PACKING pc=0x000000011c742c2c sp=0x00000003062df4f0
Event: 11.346 Thread 0x00007fb448812800 DEOPT UNPACKING pc=0x0000000114c83e9f sp=0x00000003062df508 mode 2

Classes redefined (2 events):
Event: 243.033 Thread 0x00007fb44786d800 redefined class name=Class1, count=1
Event: 308.096 Thread 0x00007fb44786d800 redefined class name=Class1, count=2

Internal exceptions (0 events):
No events

Events (20 events):
Event: 243.119 Executing VM operation: GetOwnedMonitorInfo done
Event: 243.120 Executing VM operation: GetCurrentContendedMonitor
Event: 243.120 Executing VM operation: GetCurrentContendedMonitor done
Event: 308.094 Executing VM operation: RedefineClasses
Event: 308.097 Executing VM operation: RedefineClasses done
Event: 308.109 Executing VM operation: ChangeBreakpoints
Event: 308.109 Executing VM operation: ChangeBreakpoints done
Event: 308.110 Executing VM operation: ChangeBreakpoints
Event: 308.110 Executing VM operation: ChangeBreakpoints done
Event: 308.114 Executing VM operation: GetFrameCount
Event: 308.114 Executing VM operation: GetFrameCount done
Event: 308.114 Executing VM operation: GetStackTrace
Event: 308.114 Executing VM operation: GetStackTrace done
Event: 308.179 Executing VM operation: GetFrameCount
Event: 308.179 Executing VM operation: GetFrameCount done
Event: 308.180 Executing VM operation: GetOwnedMonitorInfo
Event: 308.181 Executing VM operation: GetOwnedMonitorInfo done
Event: 308.181 Executing VM operation: GetCurrentContendedMonitor
Event: 308.181 Executing VM operation: GetCurrentContendedMonitor done
Event: 349.298 Executing VM operation: GetOrSetLocal


Dynamic libraries:
0x0000000109528000 	/Library/Java/JavaVirtualMachines/amazon-corretto-11.jdk/Contents/Home/lib/jli/libjli.dylib
0x00007ff827a48000 	/System/Library/Frameworks/Cocoa.framework/Versions/A/Cocoa
0x00007ff813346000 	/System/Library/Frameworks/AppKit.framework/Versions/C/AppKit
0x00007ff8168a5000 	/System/Library/Frameworks/CoreData.framework/Versions/A/CoreData
0x00007ff81175d000 	/System/Library/Frameworks/Foundation.framework/Versions/C/Foundation
0x00007ff81bac1000 	/usr/lib/libSystem.B.dylib
0x00007ff8141d8000 	/System/Library/PrivateFrameworks/UIFoundation.framework/Versions/A/UIFoundation
0x00007ff8219f4000 	/System/Library/PrivateFrameworks/RemoteViewServices.framework/Versions/A/RemoteViewServices
0x00007ff819d94000 	/System/Library/PrivateFrameworks/XCTTargetBootstrap.framework/Versions/A/XCTTargetBootstrap
0x00007ff81d98d000 	/System/Library/PrivateFrameworks/InternationalSupport.framework/Versions/A/InternationalSupport
0x00007ff81da17000 	/System/Library/PrivateFrameworks/UserActivity.framework/Versions/A/UserActivity
0x00007ff81cd74000 	/usr/lib/libspindump.dylib
0x00007ff814466000 	/System/Library/Frameworks/UniformTypeIdentifiers.framework/Versions/A/UniformTypeIdentifiers
0x00007ff8184cd000 	/usr/lib/libapp_launch_measurement.dylib
0x00007ff817281000 	/System/Library/PrivateFrameworks/CoreAnalytics.framework/Versions/A/CoreAnalytics
0x00007ff8184d0000 	/System/Library/PrivateFrameworks/CoreAutoLayout.framework/Versions/A/CoreAutoLayout
0x00007ff8196f0000 	/System/Library/Frameworks/Metal.framework/Versions/A/Metal
0x00007ff81a40c000 	/usr/lib/liblangid.dylib
0x00007ff819d98000 	/System/Library/PrivateFrameworks/CoreSVG.framework/Versions/A/CoreSVG
0x00007ff81582d000 	/System/Library/PrivateFrameworks/SkyLight.framework/Versions/A/SkyLight
0x00007ff815bc3000 	/System/Library/Frameworks/CoreGraphics.framework/Versions/A/CoreGraphics
0x00007ff822063000 	/System/Library/Frameworks/Accelerate.framework/Versions/A/Accelerate
0x00007ff81c7ef000 	/System/Library/PrivateFrameworks/IconServices.framework/Versions/A/IconServices
0x00007ff8196d5000 	/System/Library/Frameworks/IOSurface.framework/Versions/A/IOSurface
0x00007ff8172af000 	/usr/lib/libDiagnosticMessagesClient.dylib
0x00007ff81b9db000 	/usr/lib/libz.1.dylib
0x00007ff8256d4000 	/System/Library/Frameworks/ApplicationServices.framework/Versions/A/ApplicationServices
0x00007ff819d80000 	/System/Library/PrivateFrameworks/DFRFoundation.framework/Versions/A/DFRFoundation
0x00007ff812c37000 	/usr/lib/libicucore.A.dylib
0x00007ff81e6b2000 	/System/Library/Frameworks/AudioToolbox.framework/Versions/A/AudioToolbox
0x00007ff81d999000 	/System/Library/PrivateFrameworks/DataDetectorsCore.framework/Versions/A/DataDetectorsCore
0x00007ff91928b000 	/System/Library/PrivateFrameworks/TextInput.framework/Versions/A/TextInput
0x00007ff8157b1000 	/usr/lib/libMobileGestalt.dylib
0x00007ff819a88000 	/System/Library/Frameworks/Carbon.framework/Versions/A/Frameworks/HIToolbox.framework/Versions/A/HIToolbox
0x00007ff817efa000 	/System/Library/Frameworks/QuartzCore.framework/Versions/A/QuartzCore
0x00007ff8128d7000 	/System/Library/Frameworks/Security.framework/Versions/A/Security
0x00007ff821a2c000 	/System/Library/Frameworks/Carbon.framework/Versions/A/Frameworks/SpeechRecognition.framework/Versions/A/SpeechRecognition
0x00007ff81822d000 	/System/Library/PrivateFrameworks/CoreUI.framework/Versions/A/CoreUI
0x00007ff8121af000 	/System/Library/Frameworks/CoreAudio.framework/Versions/A/CoreAudio
0x00007ff81739d000 	/System/Library/Frameworks/DiskArbitration.framework/Versions/A/DiskArbitration
0x00007ff81d157000 	/System/Library/PrivateFrameworks/MultitouchSupport.framework/Versions/A/MultitouchSupport
0x00007ff8157b0000 	/usr/lib/libenergytrace.dylib
0x00007ff813232000 	/System/Library/Frameworks/IOKit.framework/Versions/A/IOKit
0x00007ff821e18000 	/System/Library/Frameworks/CoreServices.framework/Versions/A/CoreServices
0x00007ff818467000 	/System/Library/PrivateFrameworks/PerformanceAnalysis.framework/Versions/A/PerformanceAnalysis
0x00007ffa28d72000 	/System/Library/Frameworks/OpenGL.framework/Versions/A/OpenGL
0x00007ff81b008000 	/System/Library/PrivateFrameworks/MobileKeyBag.framework/Versions/A/MobileKeyBag
0x00007ff8107f5000 	/usr/lib/libobjc.A.dylib
0x00007ff8162f2000 	/System/Library/Frameworks/ColorSync.framework/Versions/A/ColorSync
0x00007ff8109b1000 	/System/Library/Frameworks/CoreFoundation.framework/Versions/A/CoreFoundation
0x00007ff81a013000 	/System/Library/Frameworks/CoreImage.framework/Versions/A/CoreImage
0x00007ff811fc5000 	/System/Library/Frameworks/CoreText.framework/Versions/A/CoreText
0x00007ff819dc7000 	/System/Library/Frameworks/ImageIO.framework/Versions/A/ImageIO
0x00007ff81bac7000 	/System/Library/PrivateFrameworks/SoftLinking.framework/Versions/A/SoftLinking
0x00007ff818518000 	/usr/lib/libxml2.2.dylib
0x00007ff8108be000 	/usr/lib/libc++.1.dylib
0x00007ff81bd48000 	/usr/lib/libcompression.dylib
0x00007ff81d8c3000 	/System/Library/PrivateFrameworks/TextureIO.framework/Versions/A/TextureIO
0x00007ff81c468000 	/usr/lib/libate.dylib
0x00007ff81babc000 	/usr/lib/system/libcache.dylib
0x00007ff81ba78000 	/usr/lib/system/libcommonCrypto.dylib
0x00007ff81baa1000 	/usr/lib/system/libcompiler_rt.dylib
0x00007ff81ba97000 	/usr/lib/system/libcopyfile.dylib
0x00007ff8106ef000 	/usr/lib/system/libcorecrypto.dylib
0x00007ff8107ae000 	/usr/lib/system/libdispatch.dylib
0x00007ff810970000 	/usr/lib/system/libdyld.dylib
0x00007ff81bab3000 	/usr/lib/system/libkeymgr.dylib
0x00007ff81ba56000 	/usr/lib/system/libmacho.dylib
0x00007ff81b0dc000 	/usr/lib/system/libquarantine.dylib
0x00007ff81bab1000 	/usr/lib/system/libremovefile.dylib
0x00007ff8157fd000 	/usr/lib/system/libsystem_asl.dylib
0x00007ff81069d000 	/usr/lib/system/libsystem_blocks.dylib
0x00007ff810835000 	/usr/lib/system/libsystem_c.dylib
0x00007ff81baa9000 	/usr/lib/system/libsystem_collections.dylib
0x00007ff81a3fd000 	/usr/lib/system/libsystem_configuration.dylib
0x00007ff8196b8000 	/usr/lib/system/libsystem_containermanager.dylib
0x00007ff81b78d000 	/usr/lib/system/libsystem_coreservices.dylib
0x00007ff812ec0000 	/usr/lib/system/libsystem_darwin.dylib
0x00007ff81bab4000 	/usr/lib/system/libsystem_dnssd.dylib
0x00007ff810832000 	/usr/lib/system/libsystem_featureflags.dylib
0x00007ff810986000 	/usr/lib/system/libsystem_info.dylib
0x00007ff81b9ee000 	/usr/lib/system/libsystem_m.dylib
0x00007ff810782000 	/usr/lib/system/libsystem_malloc.dylib
0x00007ff81579a000 	/usr/lib/system/libsystem_networkextension.dylib
0x00007ff8132e8000 	/usr/lib/system/libsystem_notify.dylib
0x00007ff821ced000 	/usr/lib/system/libsystem_product_info_filter.dylib
0x00007ff81a401000 	/usr/lib/system/libsystem_sandbox.dylib
0x00007ff81baae000 	/usr/lib/system/libsystem_secinit.dylib
0x00007ff81092d000 	/usr/lib/system/libsystem_kernel.dylib
0x00007ff81097c000 	/usr/lib/system/libsystem_platform.dylib
0x00007ff810964000 	/usr/lib/system/libsystem_pthread.dylib
0x00007ff8170c8000 	/usr/lib/system/libsystem_symptoms.dylib
0x00007ff8106d6000 	/usr/lib/system/libsystem_trace.dylib
0x00007ff81ba84000 	/usr/lib/system/libunwind.dylib
0x00007ff81069f000 	/usr/lib/system/libxpc.dylib
0x00007ff810917000 	/usr/lib/libc++abi.dylib
0x00007ff81ba8f000 	/usr/lib/liboah.dylib
0x00007ff81c221000 	/usr/lib/liblzma.5.dylib
0x00007ff81146e000 	/System/Library/Frameworks/SystemConfiguration.framework/Versions/A/SystemConfiguration
0x00007ff81bac3000 	/usr/lib/libfakelink.dylib
0x00007ff815303000 	/System/Library/Frameworks/CFNetwork.framework/Versions/A/CFNetwork
0x00007ff81bc02000 	/usr/lib/libarchive.2.dylib
0x00007ff81a408000 	/System/Library/PrivateFrameworks/AppleSystemInfo.framework/Versions/A/AppleSystemInfo
0x00007ff81b103000 	/usr/lib/libbsm.0.dylib
0x00007ff814939000 	/usr/lib/libnetwork.dylib
0x00007ff81ba5c000 	/usr/lib/system/libkxld.dylib
0x00007ff81ad31000 	/System/Library/PrivateFrameworks/IOMobileFramebuffer.framework/Versions/A/IOMobileFramebuffer
0x00007ffb269de000 	/usr/lib/libCoreEntitlements.dylib
0x00007ff81b76f000 	/System/Library/PrivateFrameworks/AppleFSCompression.framework/Versions/A/AppleFSCompression
0x00007ff81b0eb000 	/usr/lib/libcoretls.dylib
0x00007ff81c23b000 	/usr/lib/libcoretls_cfhelpers.dylib
0x00007ff81bd43000 	/usr/lib/libpam.2.dylib
0x00007ff816cee000 	/usr/lib/libsqlite3.dylib
0x00007ff81c2aa000 	/usr/lib/libxar.1.dylib
0x00007ff81b77f000 	/usr/lib/libbz2.1.0.dylib
0x00007ff81bac8000 	/usr/lib/libpcap.A.dylib
0x00007ff8170bf000 	/usr/lib/libdns_services.dylib
0x00007ff81bd15000 	/usr/lib/libapple_nghttp2.dylib
0x00007ff81baff000 	/usr/lib/libiconv.2.dylib
0x00007ff81ba55000 	/usr/lib/libcharset.1.dylib
0x00007ff81849b000 	/System/Library/Frameworks/CoreServices.framework/Versions/A/Frameworks/FSEvents.framework/Versions/A/FSEvents
0x00007ff812eca000 	/System/Library/Frameworks/CoreServices.framework/Versions/A/Frameworks/CarbonCore.framework/Versions/A/CarbonCore
0x00007ff817302000 	/System/Library/Frameworks/CoreServices.framework/Versions/A/Frameworks/Metadata.framework/Versions/A/Metadata
0x00007ff81b792000 	/System/Library/Frameworks/CoreServices.framework/Versions/A/Frameworks/OSServices.framework/Versions/A/OSServices
0x00007ff81bc89000 	/System/Library/Frameworks/CoreServices.framework/Versions/A/Frameworks/SearchKit.framework/Versions/A/SearchKit
0x00007ff817051000 	/System/Library/Frameworks/CoreServices.framework/Versions/A/Frameworks/AE.framework/Versions/A/AE
0x00007ff810eb2000 	/System/Library/Frameworks/CoreServices.framework/Versions/A/Frameworks/LaunchServices.framework/Versions/A/LaunchServices
0x00007ff81c1d2000 	/System/Library/Frameworks/CoreServices.framework/Versions/A/Frameworks/DictionaryServices.framework/Versions/A/DictionaryServices
0x00007ff8184a8000 	/System/Library/Frameworks/CoreServices.framework/Versions/A/Frameworks/SharedFileList.framework/Versions/A/SharedFileList
0x00007ff81b0df000 	/usr/lib/libCheckFix.dylib
0x00007ff815814000 	/System/Library/PrivateFrameworks/TCC.framework/Versions/A/TCC
0x00007ff81a40e000 	/System/Library/PrivateFrameworks/CoreNLP.framework/Versions/A/CoreNLP
0x00007ff8172b2000 	/System/Library/PrivateFrameworks/MetadataUtilities.framework/Versions/A/MetadataUtilities
0x00007ff81151e000 	/usr/lib/libmecabra.dylib
0x00007ff81b113000 	/usr/lib/libmecab.dylib
0x00007ff8114e9000 	/usr/lib/libCRFSuite.dylib
0x00007ff81b170000 	/usr/lib/libgermantok.dylib
0x00007ff81bcf0000 	/usr/lib/libThaiTokenizer.dylib
0x00007ff8173a4000 	/System/Library/Frameworks/Accelerate.framework/Versions/A/Frameworks/vImage.framework/Versions/A/vImage
0x00007ff821def000 	/System/Library/Frameworks/Accelerate.framework/Versions/A/Frameworks/vecLib.framework/Versions/A/vecLib
0x00007ff81c2eb000 	/System/Library/Frameworks/Accelerate.framework/Versions/A/Frameworks/vecLib.framework/Versions/A/libvMisc.dylib
0x00007ff81ab25000 	/System/Library/Frameworks/Accelerate.framework/Versions/A/Frameworks/vecLib.framework/Versions/A/libvDSP.dylib
0x00007ff81122a000 	/System/Library/Frameworks/Accelerate.framework/Versions/A/Frameworks/vecLib.framework/Versions/A/libBLAS.dylib
0x00007ff81be25000 	/System/Library/Frameworks/Accelerate.framework/Versions/A/Frameworks/vecLib.framework/Versions/A/libLAPACK.dylib
0x00007ff81b173000 	/System/Library/Frameworks/Accelerate.framework/Versions/A/Frameworks/vecLib.framework/Versions/A/libLinearAlgebra.dylib
0x00007ff81bd2e000 	/System/Library/Frameworks/Accelerate.framework/Versions/A/Frameworks/vecLib.framework/Versions/A/libSparseBLAS.dylib
0x00007ff81be1f000 	/System/Library/Frameworks/Accelerate.framework/Versions/A/Frameworks/vecLib.framework/Versions/A/libQuadrature.dylib
0x00007ff81a4f8000 	/System/Library/Frameworks/Accelerate.framework/Versions/A/Frameworks/vecLib.framework/Versions/A/libBNNS.dylib
0x00007ff8113ff000 	/System/Library/Frameworks/Accelerate.framework/Versions/A/Frameworks/vecLib.framework/Versions/A/libSparse.dylib
0x00007ff81a4f1000 	/System/Library/PrivateFrameworks/LinguisticData.framework/Versions/A/LinguisticData
0x00007ff8113b4000 	/System/Library/PrivateFrameworks/Lexicon.framework/Versions/A/Lexicon
0x00007ff81c2e4000 	/usr/lib/libChineseTokenizer.dylib
0x00007ff811b18000 	/System/Library/PrivateFrameworks/LanguageModeling.framework/Versions/A/LanguageModeling
0x00007ff81bcf2000 	/System/Library/PrivateFrameworks/AppleSauce.framework/Versions/A/AppleSauce
0x00007ff81ad1f000 	/System/Library/PrivateFrameworks/CoreEmoji.framework/Versions/A/CoreEmoji
0x00007ff81bbf1000 	/usr/lib/libcmph.dylib
0x00007ff81847f000 	/System/Library/Frameworks/OpenDirectory.framework/Versions/A/Frameworks/CFOpenDirectory.framework/Versions/A/CFOpenDirectory
0x00007ff818473000 	/System/Library/Frameworks/OpenDirectory.framework/Versions/A/OpenDirectory
0x00007ff81c23d000 	/System/Library/PrivateFrameworks/APFS.framework/Versions/A/APFS
0x00007ff81b040000 	/System/Library/Frameworks/SecurityFoundation.framework/Versions/A/SecurityFoundation
0x00007ff81c2b8000 	/usr/lib/libutil.dylib
0x00007ff8131f5000 	/System/Library/PrivateFrameworks/CoreServicesStore.framework/Versions/A/CoreServicesStore
0x00007ff81c2bc000 	/usr/lib/libxslt.1.dylib
0x00007ff81b0cd000 	/System/Library/PrivateFrameworks/BackgroundTaskManagement.framework/Versions/A/BackgroundTaskManagement
0x00007ff81d7e5000 	/System/Library/Frameworks/ImageIO.framework/Versions/A/Resources/libRadiance.dylib
0x00007ff81d7ee000 	/System/Library/Frameworks/ImageIO.framework/Versions/A/Resources/libJPEG.dylib
0x00007ff81d73f000 	/System/Library/Frameworks/ImageIO.framework/Versions/A/Resources/libPng.dylib
0x00007ff81d760000 	/System/Library/Frameworks/ImageIO.framework/Versions/A/Resources/libTIFF.dylib
0x00007ff81d84c000 	/System/Library/Frameworks/ImageIO.framework/Versions/A/Resources/libGIF.dylib
0x00007ff81d074000 	/System/Library/Frameworks/ImageIO.framework/Versions/A/Resources/libJP2.dylib
0x00007ff81c7b6000 	/usr/lib/libexpat.1.dylib
0x00007ff81d029000 	/System/Library/PrivateFrameworks/AppleJPEG.framework/Versions/A/AppleJPEG
0x00007ff81994b000 	/System/Library/PrivateFrameworks/FontServices.framework/libFontParser.dylib
0x00007ff816ffb000 	/System/Library/PrivateFrameworks/RunningBoardServices.framework/Versions/A/RunningBoardServices
0x00007ff827fc4000 	/System/Library/PrivateFrameworks/IOSurfaceAccelerator.framework/Versions/A/IOSurfaceAccelerator
0x00007ff81d153000 	/System/Library/PrivateFrameworks/WatchdogClient.framework/Versions/A/WatchdogClient
0x00007ff811c07000 	/System/Library/Frameworks/CoreDisplay.framework/Versions/A/CoreDisplay
0x00007ff81984a000 	/System/Library/Frameworks/CoreMedia.framework/Versions/A/CoreMedia
0x00007ff8196e7000 	/System/Library/PrivateFrameworks/IOAccelerator.framework/Versions/A/IOAccelerator
0x00007ff8185fb000 	/System/Library/Frameworks/CoreVideo.framework/Versions/A/CoreVideo
0x00007ff81bd41000 	/System/Library/Frameworks/MetalPerformanceShaders.framework/Versions/A/MetalPerformanceShaders
0x00007ff81d18e000 	/System/Library/Frameworks/VideoToolbox.framework/Versions/A/VideoToolbox
0x00007ff816f43000 	/System/Library/PrivateFrameworks/BaseBoard.framework/Versions/A/BaseBoard
0x00007ff816cd4000 	/System/Library/PrivateFrameworks/ProtocolBuffer.framework/Versions/A/ProtocolBuffer
0x00007ff81d7de000 	/System/Library/PrivateFrameworks/GPUWrangler.framework/Versions/A/GPUWrangler
0x00007ff81d7c1000 	/System/Library/PrivateFrameworks/IOPresentment.framework/Versions/A/IOPresentment
0x00007ff81d7e8000 	/System/Library/PrivateFrameworks/DSExternalDisplay.framework/Versions/A/DSExternalDisplay
0x00007ffa28d66000 	/System/Library/Frameworks/OpenGL.framework/Versions/A/Libraries/libCoreFSCache.dylib
0x00007ffb14c4e000 	/System/Library/PrivateFrameworks/GPUCompiler.framework/Versions/31001/Libraries/libGPUCompilerUtils.dylib
0x00007ff81d851000 	/System/Library/PrivateFrameworks/CMCaptureCore.framework/Versions/A/CMCaptureCore
0x00007ff81cd62000 	/System/Library/PrivateFrameworks/AppServerSupport.framework/Versions/A/AppServerSupport
0x00007ff81ef38000 	/System/Library/PrivateFrameworks/perfdata.framework/Versions/A/perfdata
0x00007ff811d33000 	/System/Library/PrivateFrameworks/AudioToolboxCore.framework/Versions/A/AudioToolboxCore
0x00007ff819827000 	/System/Library/PrivateFrameworks/caulk.framework/Versions/A/caulk
0x00007ff81e85c000 	/usr/lib/libAudioStatistics.dylib
0x00007ff915b19000 	/System/Library/PrivateFrameworks/SystemPolicy.framework/Versions/A/SystemPolicy
0x00007ff81eab1000 	/usr/lib/libSMC.dylib
0x00007ff8278fb000 	/System/Library/Frameworks/CoreMIDI.framework/Versions/A/CoreMIDI
0x00007ff81d70f000 	/usr/lib/libAudioToolboxUtility.dylib
0x00007ff911f2b000 	/System/Library/PrivateFrameworks/OSAServicesClient.framework/Versions/A/OSAServicesClient
0x00007ff81ef45000 	/usr/lib/libperfcheck.dylib
0x00007ff9165ab000 	/usr/lib/libmis.dylib
0x00007ffa28dc2000 	/System/Library/Frameworks/OpenGL.framework/Versions/A/Libraries/libGLU.dylib
0x00007ffa28d85000 	/System/Library/Frameworks/OpenGL.framework/Versions/A/Libraries/libGFXShared.dylib
0x00007ffa28f93000 	/System/Library/Frameworks/OpenGL.framework/Versions/A/Libraries/libGL.dylib
0x00007ffa28d8e000 	/System/Library/Frameworks/OpenGL.framework/Versions/A/Libraries/libGLImage.dylib
0x00007ffa28d82000 	/System/Library/Frameworks/OpenGL.framework/Versions/A/Libraries/libCVMSPluginSupport.dylib
0x00007ffa28d6d000 	/System/Library/Frameworks/OpenGL.framework/Versions/A/Libraries/libCoreVMClient.dylib
0x00007ff81a38c000 	/System/Library/Frameworks/MetalPerformanceShaders.framework/Versions/A/Frameworks/MPSCore.framework/Versions/A/MPSCore
0x00007ff81b6da000 	/System/Library/Frameworks/MetalPerformanceShaders.framework/Versions/A/Frameworks/MPSImage.framework/Versions/A/MPSImage
0x00007ff81b189000 	/System/Library/Frameworks/MetalPerformanceShaders.framework/Versions/A/Frameworks/MPSNeuralNetwork.framework/Versions/A/MPSNeuralNetwork
0x00007ff81b5fe000 	/System/Library/Frameworks/MetalPerformanceShaders.framework/Versions/A/Frameworks/MPSMatrix.framework/Versions/A/MPSMatrix
0x00007ff81b3ba000 	/System/Library/Frameworks/MetalPerformanceShaders.framework/Versions/A/Frameworks/MPSRayIntersector.framework/Versions/A/MPSRayIntersector
0x00007ff81b637000 	/System/Library/Frameworks/MetalPerformanceShaders.framework/Versions/A/Frameworks/MPSNDArray.framework/Versions/A/MPSNDArray
0x00007ffa2d987000 	/System/Library/Frameworks/MetalPerformanceShaders.framework/Versions/A/Frameworks/MPSFunctions.framework/Versions/A/MPSFunctions
0x00007ff81110d000 	/System/Library/PrivateFrameworks/MetalTools.framework/Versions/A/MetalTools
0x00007ff81a406000 	/System/Library/PrivateFrameworks/AggregateDictionary.framework/Versions/A/AggregateDictionary
0x00007ff81c598000 	/usr/lib/libIOReport.dylib
0x00007ffa2a3a2000 	/System/Library/Frameworks/OpenCL.framework/Versions/A/OpenCL
0x00007ff81c8fc000 	/System/Library/PrivateFrameworks/FaceCore.framework/Versions/A/FaceCore
0x00007ff81c8ed000 	/System/Library/PrivateFrameworks/GraphVisualizer.framework/Versions/A/GraphVisualizer
0x00007ffb14b59000 	/System/Library/PrivateFrameworks/FontServices.framework/Versions/A/FontServices
0x00007ff81cd19000 	/System/Library/PrivateFrameworks/OTSVG.framework/Versions/A/OTSVG
0x00007ff8181e3000 	/System/Library/Frameworks/ApplicationServices.framework/Versions/A/Frameworks/ATS.framework/Versions/A/Resources/libFontRegistry.dylib
0x00007ff81cd6a000 	/System/Library/PrivateFrameworks/FontServices.framework/libhvf.dylib
0x00007ffb14b5a000 	/System/Library/PrivateFrameworks/FontServices.framework/libXTFontStaticRegistryData.dylib
0x00007ff81c766000 	/System/Library/PrivateFrameworks/AppleVA.framework/Versions/A/AppleVA
0x00007ff81e880000 	/System/Library/Frameworks/ApplicationServices.framework/Versions/A/Frameworks/ATS.framework/Versions/A/ATS
0x00007ff8163ee000 	/System/Library/Frameworks/ApplicationServices.framework/Versions/A/Frameworks/HIServices.framework/Versions/A/HIServices
0x00007ff81d85b000 	/System/Library/Frameworks/ApplicationServices.framework/Versions/A/Frameworks/PrintCore.framework/Versions/A/PrintCore
0x00007ff81ec04000 	/System/Library/Frameworks/ApplicationServices.framework/Versions/A/Frameworks/QD.framework/Versions/A/QD
0x00007ff81ebfc000 	/System/Library/Frameworks/ApplicationServices.framework/Versions/A/Frameworks/ColorSyncLegacy.framework/Versions/A/ColorSyncLegacy
0x00007ff81e870000 	/System/Library/Frameworks/ApplicationServices.framework/Versions/A/Frameworks/SpeechSynthesis.framework/Versions/A/SpeechSynthesis
0x00007ff81d81c000 	/System/Library/Frameworks/ApplicationServices.framework/Versions/A/Frameworks/ATSUI.framework/Versions/A/ATSUI
0x00007ff81eb91000 	/usr/lib/libcups.2.dylib
0x00007ff81ef54000 	/System/Library/Frameworks/Kerberos.framework/Versions/A/Kerberos
0x00007ff81ef63000 	/System/Library/Frameworks/GSS.framework/Versions/A/GSS
0x00007ff81e8ec000 	/usr/lib/libresolv.9.dylib
0x00007ff81cd79000 	/System/Library/PrivateFrameworks/Heimdal.framework/Versions/A/Heimdal
0x00007ff825a51000 	/System/Library/Frameworks/Kerberos.framework/Versions/A/Libraries/libHeimdalProxy.dylib
0x00007ff8170d0000 	/System/Library/Frameworks/Network.framework/Versions/A/Network
0x00007ff81c7d0000 	/usr/lib/libheimdal-asn1.dylib
0x00007ff81efaf000 	/System/Library/PrivateFrameworks/CommonAuth.framework/Versions/A/CommonAuth
0x00007ff81e7ed000 	/System/Library/PrivateFrameworks/AudioSession.framework/Versions/A/AudioSession
0x00007ff81c860000 	/System/Library/PrivateFrameworks/MediaExperience.framework/Versions/A/MediaExperience
0x00007ff81e681000 	/System/Library/PrivateFrameworks/AudioSession.framework/libSessionUtility.dylib
0x00007ff81ec10000 	/System/Library/PrivateFrameworks/AudioResourceArbitration.framework/Versions/A/AudioResourceArbitration
0x00007ff822c02000 	/System/Library/PrivateFrameworks/PowerLog.framework/Versions/A/PowerLog
0x00007ff81c7d9000 	/System/Library/PrivateFrameworks/IconFoundation.framework/Versions/A/IconFoundation
0x00007ff821a1c000 	/System/Library/PrivateFrameworks/SpeechRecognitionCore.framework/Versions/A/SpeechRecognitionCore
0x000000010a32b000 	/Library/Java/JavaVirtualMachines/amazon-corretto-11.jdk/Contents/Home/lib/server/libjvm.dylib
0x000000010960c000 	/Library/Java/JavaVirtualMachines/amazon-corretto-11.jdk/Contents/Home/lib/libverify.dylib
0x0000000109634000 	/Library/Java/JavaVirtualMachines/amazon-corretto-11.jdk/Contents/Home/lib/libjava.dylib
0x00000001095a2000 	/Library/Java/JavaVirtualMachines/amazon-corretto-11.jdk/Contents/Home/lib/libjimage.dylib
0x00000001096e1000 	/Library/Java/JavaVirtualMachines/amazon-corretto-11.jdk/Contents/Home/lib/libjdwp.dylib
0x00000001096b3000 	/Library/Java/JavaVirtualMachines/amazon-corretto-11.jdk/Contents/Home/lib/libinstrument.dylib
0x00000001097c6000 	/Library/Java/JavaVirtualMachines/amazon-corretto-11.jdk/Contents/Home/lib/libzip.dylib
0x00000001311f0000 	/Library/Java/JavaVirtualMachines/amazon-corretto-11.jdk/Contents/Home/lib/libdt_socket.dylib
0x0000000131220000 	/Library/Java/JavaVirtualMachines/amazon-corretto-11.jdk/Contents/Home/lib/libnio.dylib
0x0000000131251000 	/Library/Java/JavaVirtualMachines/amazon-corretto-11.jdk/Contents/Home/lib/libnet.dylib


VM Arguments:
jvm_args: -agentlib:jdwp=transport=dt_socket,suspend=y,address=localhost:57902 -javaagent:/Users/yasiruslu/eclipse/java-2021-12/Eclipse.app/Contents/Eclipse/configuration/org.eclipse.osgi/215/0/.cp/lib/javaagent-shaded.jar -Dfile.encoding=UTF-8 
java_command: Class1
java_class_path (initial): /Users/yasiruslu/eclipse-workspace/MyNewJavaProject/bin
Launcher Type: SUN_STANDARD

[Global flags]
     intx CICompilerCount                          = 4                                         {product} {ergonomic}
     uint ConcGCThreads                            = 2                                         {product} {ergonomic}
     uint G1ConcRefinementThreads                  = 8                                         {product} {ergonomic}
   size_t G1HeapRegionSize                         = 1048576                                   {product} {ergonomic}
    uintx GCDrainStackTargetSize                   = 64                                        {product} {ergonomic}
   size_t InitialHeapSize                          = 268435456                                 {product} {ergonomic}
   size_t MarkStackSize                            = 4194304                                   {product} {ergonomic}
   size_t MaxHeapSize                              = 4294967296                                {product} {ergonomic}
   size_t MaxNewSize                               = 2576351232                                {product} {ergonomic}
   size_t MinHeapDeltaBytes                        = 1048576                                   {product} {ergonomic}
    uintx NonNMethodCodeHeapSize                   = 5836300                                {pd product} {ergonomic}
    uintx NonProfiledCodeHeapSize                  = 122910970                              {pd product} {ergonomic}
    uintx ProfiledCodeHeapSize                     = 122910970                              {pd product} {ergonomic}
    uintx ReservedCodeCacheSize                    = 251658240                              {pd product} {ergonomic}
     bool SegmentedCodeCache                       = true                                      {product} {ergonomic}
     bool UseCompressedClassPointers               = true                                 {lp64_product} {ergonomic}
     bool UseCompressedOops                        = true                                 {lp64_product} {ergonomic}
     bool UseG1GC                                  = true                                      {product} {ergonomic}

Logging:
Log output configuration:
 #0: stdout all=warning uptime,level,tags
 #1: stderr all=off uptime,level,tags

Environment Variables:
PATH=/usr/bin:/bin:/usr/sbin:/sbin
SHELL=/bin/zsh

Signal Handlers:
SIGSEGV: [libjvm.dylib+0x7cccb2], sa_mask[0]=11111111111111111111111111111111, sa_flags=SA_ONSTACK|SA_RESTART|SA_SIGINFO
SIGBUS: [libjvm.dylib+0x7cccb2], sa_mask[0]=11111111111111111111111111111111, sa_flags=SA_RESTART|SA_SIGINFO
SIGFPE: [libjvm.dylib+0x7cccb2], sa_mask[0]=11111111111111111111111111111111, sa_flags=SA_RESTART|SA_SIGINFO
SIGPIPE: [libjvm.dylib+0x630238], sa_mask[0]=11111111111111111111111111111111, sa_flags=SA_RESTART|SA_SIGINFO
SIGXFSZ: [libjvm.dylib+0x630238], sa_mask[0]=11111111111111111111111111111111, sa_flags=SA_RESTART|SA_SIGINFO
SIGILL: [libjvm.dylib+0x7cccb2], sa_mask[0]=11111111111111111111111111111111, sa_flags=SA_RESTART|SA_SIGINFO
SIGUSR2: [libjvm.dylib+0x630816], sa_mask[0]=00100000000000000000000000000000, sa_flags=SA_RESTART|SA_SIGINFO
SIGHUP: [libjvm.dylib+0x62f3c9], sa_mask[0]=11111111111111111111111111111111, sa_flags=SA_RESTART|SA_SIGINFO
SIGINT: [libjvm.dylib+0x62f3c9], sa_mask[0]=11111111111111111111111111111111, sa_flags=SA_RESTART|SA_SIGINFO
SIGTERM: [libjvm.dylib+0x62f3c9], sa_mask[0]=11111111111111111111111111111111, sa_flags=SA_RESTART|SA_SIGINFO
SIGQUIT: [libjvm.dylib+0x62f3c9], sa_mask[0]=11111111111111111111111111111111, sa_flags=SA_RESTART|SA_SIGINFO


---------------  S Y S T E M  ---------------

OS:uname:Darwin 21.3.0 Darwin Kernel Version 21.3.0: Wed Jan  5 21:37:58 PST 2022; root:xnu-8019.80.24~20/RELEASE_ARM64_T8101 x86_64
OS uptime: 7 days 13:53 hours
rlimit (soft/hard): STACK 8176k/65520k , CORE 0k/infinity , NPROC 2666/4000 , NOFILE 10240/infinity , AS infinity/infinity , CPU infinity/infinity , DATA infinity/infinity , FSIZE infinity/infinity , MEMLOCK infinity/infinity , RSS infinity/infinity
load average:3.91 3.02 3.12

CPU:total 8 (initial active 8) (1 cores per cpu, 1 threads per core) family 6 model 44 stepping 0 microcode 0x0, cmov, cx8, fxsr, mmx, sse, sse2, sse3, ssse3, sse4.1, sse4.2, popcnt, aes, clmul, tsc, tscinvbit, tscinv

Memory: 4k page, physical 16777216k(74056k free), swap 1048576k(1004800k free)

vm_info: OpenJDK 64-Bit Server VM (11.0.14+9-LTS) for bsd-amd64 JRE (11.0.14+9-LTS), built on Jan 15 2022 01:03:15 by "ec2user" with clang Apple LLVM 13.0.0 (clang-1300.0.29.3)

END.
